versions pytest-6.0.0, py-1.9.0, python-3.6.11.final.0
cwd=/src/targens/NEW/ProvisioningTools/ansible-role-mc/molecule/default
args=('--connection=ansible', '--ansible-inventory=/tmp/bodsch/.cache/molecule/ansible-role-mc/default/inventory/ansible_inventory.yml', '-p', 'no:cacheprovider', '--debug', '/src/targens/NEW/ProvisioningTools/ansible-role-mc/molecule/default/tests/test_default.py', '-vvv')

  pytest_cmdline_main [hook]
      config: <_pytest.config.Config object at 0x7f07acd87c50>
    pytest_plugin_registered [hook]
        plugin: <Session default exitstatus=None testsfailed=0 testscollected=0>
        manager: <_pytest.config.PytestPluginManager object at 0x7f07adbf6cc0>
    finish pytest_plugin_registered --> [] [hook]
    pytest_configure [hook]
        config: <_pytest.config.Config object at 0x7f07acd87c50>
    early skip of rewriting module: faulthandler [assertion]
      pytest_configure [hook]
          config: <_pytest.config.Config object at 0x7f07acd87c50>
      finish pytest_configure --> [] [hook]
      pytest_plugin_registered [hook]
          plugin: <_pytest.faulthandler.FaultHandlerHooks object at 0x7f07acf86828>
          manager: <_pytest.config.PytestPluginManager object at 0x7f07adbf6cc0>
      finish pytest_plugin_registered --> [] [hook]
    early skip of rewriting module: pdb [assertion]
    early skip of rewriting module: cmd [assertion]
    early skip of rewriting module: code [assertion]
    early skip of rewriting module: codeop [assertion]
      pytest_plugin_registered [hook]
          plugin: <_pytest.config.PytestPluginManager object at 0x7f07adbf6cc0>
          manager: <_pytest.config.PytestPluginManager object at 0x7f07adbf6cc0>
      finish pytest_plugin_registered --> [] [hook]
      pytest_plugin_registered [hook]
          plugin: <_pytest.config.Config object at 0x7f07acd87c50>
          manager: <_pytest.config.PytestPluginManager object at 0x7f07adbf6cc0>
      finish pytest_plugin_registered --> [] [hook]
      pytest_plugin_registered [hook]
          plugin: <module '_pytest.mark' from '/src/targens/NEW/ProvisioningTools/ansible-role-mc/.tox/py36-ansible29/lib/python3.6/site-packages/_pytest/mark/__init__.py'>
          manager: <_pytest.config.PytestPluginManager object at 0x7f07adbf6cc0>
      finish pytest_plugin_registered --> [] [hook]
      pytest_plugin_registered [hook]
          plugin: <module '_pytest.main' from '/src/targens/NEW/ProvisioningTools/ansible-role-mc/.tox/py36-ansible29/lib/python3.6/site-packages/_pytest/main.py'>
          manager: <_pytest.config.PytestPluginManager object at 0x7f07adbf6cc0>
      finish pytest_plugin_registered --> [] [hook]
      pytest_plugin_registered [hook]
          plugin: <module '_pytest.runner' from '/src/targens/NEW/ProvisioningTools/ansible-role-mc/.tox/py36-ansible29/lib/python3.6/site-packages/_pytest/runner.py'>
          manager: <_pytest.config.PytestPluginManager object at 0x7f07adbf6cc0>
      finish pytest_plugin_registered --> [] [hook]
      pytest_plugin_registered [hook]
          plugin: <module '_pytest.fixtures' from '/src/targens/NEW/ProvisioningTools/ansible-role-mc/.tox/py36-ansible29/lib/python3.6/site-packages/_pytest/fixtures.py'>
          manager: <_pytest.config.PytestPluginManager object at 0x7f07adbf6cc0>
      finish pytest_plugin_registered --> [] [hook]
      pytest_plugin_registered [hook]
          plugin: <module '_pytest.helpconfig' from '/src/targens/NEW/ProvisioningTools/ansible-role-mc/.tox/py36-ansible29/lib/python3.6/site-packages/_pytest/helpconfig.py'>
          manager: <_pytest.config.PytestPluginManager object at 0x7f07adbf6cc0>
      finish pytest_plugin_registered --> [] [hook]
      pytest_plugin_registered [hook]
          plugin: <module '_pytest.python' from '/src/targens/NEW/ProvisioningTools/ansible-role-mc/.tox/py36-ansible29/lib/python3.6/site-packages/_pytest/python.py'>
          manager: <_pytest.config.PytestPluginManager object at 0x7f07adbf6cc0>
      finish pytest_plugin_registered --> [] [hook]
      pytest_plugin_registered [hook]
          plugin: <module '_pytest.terminal' from '/src/targens/NEW/ProvisioningTools/ansible-role-mc/.tox/py36-ansible29/lib/python3.6/site-packages/_pytest/terminal.py'>
          manager: <_pytest.config.PytestPluginManager object at 0x7f07adbf6cc0>
      finish pytest_plugin_registered --> [] [hook]
      pytest_plugin_registered [hook]
          plugin: <module '_pytest.debugging' from '/src/targens/NEW/ProvisioningTools/ansible-role-mc/.tox/py36-ansible29/lib/python3.6/site-packages/_pytest/debugging.py'>
          manager: <_pytest.config.PytestPluginManager object at 0x7f07adbf6cc0>
      finish pytest_plugin_registered --> [] [hook]
      pytest_plugin_registered [hook]
          plugin: <module '_pytest.unittest' from '/src/targens/NEW/ProvisioningTools/ansible-role-mc/.tox/py36-ansible29/lib/python3.6/site-packages/_pytest/unittest.py'>
          manager: <_pytest.config.PytestPluginManager object at 0x7f07adbf6cc0>
      finish pytest_plugin_registered --> [] [hook]
      pytest_plugin_registered [hook]
          plugin: <module '_pytest.capture' from '/src/targens/NEW/ProvisioningTools/ansible-role-mc/.tox/py36-ansible29/lib/python3.6/site-packages/_pytest/capture.py'>
          manager: <_pytest.config.PytestPluginManager object at 0x7f07adbf6cc0>
      finish pytest_plugin_registered --> [] [hook]
      pytest_plugin_registered [hook]
          plugin: <module '_pytest.skipping' from '/src/targens/NEW/ProvisioningTools/ansible-role-mc/.tox/py36-ansible29/lib/python3.6/site-packages/_pytest/skipping.py'>
          manager: <_pytest.config.PytestPluginManager object at 0x7f07adbf6cc0>
      finish pytest_plugin_registered --> [] [hook]
      pytest_plugin_registered [hook]
          plugin: <module '_pytest.tmpdir' from '/src/targens/NEW/ProvisioningTools/ansible-role-mc/.tox/py36-ansible29/lib/python3.6/site-packages/_pytest/tmpdir.py'>
          manager: <_pytest.config.PytestPluginManager object at 0x7f07adbf6cc0>
      finish pytest_plugin_registered --> [] [hook]
      pytest_plugin_registered [hook]
          plugin: <module '_pytest.monkeypatch' from '/src/targens/NEW/ProvisioningTools/ansible-role-mc/.tox/py36-ansible29/lib/python3.6/site-packages/_pytest/monkeypatch.py'>
          manager: <_pytest.config.PytestPluginManager object at 0x7f07adbf6cc0>
      finish pytest_plugin_registered --> [] [hook]
      pytest_plugin_registered [hook]
          plugin: <module '_pytest.recwarn' from '/src/targens/NEW/ProvisioningTools/ansible-role-mc/.tox/py36-ansible29/lib/python3.6/site-packages/_pytest/recwarn.py'>
          manager: <_pytest.config.PytestPluginManager object at 0x7f07adbf6cc0>
      finish pytest_plugin_registered --> [] [hook]
      pytest_plugin_registered [hook]
          plugin: <module '_pytest.pastebin' from '/src/targens/NEW/ProvisioningTools/ansible-role-mc/.tox/py36-ansible29/lib/python3.6/site-packages/_pytest/pastebin.py'>
          manager: <_pytest.config.PytestPluginManager object at 0x7f07adbf6cc0>
      finish pytest_plugin_registered --> [] [hook]
      pytest_plugin_registered [hook]
          plugin: <module '_pytest.nose' from '/src/targens/NEW/ProvisioningTools/ansible-role-mc/.tox/py36-ansible29/lib/python3.6/site-packages/_pytest/nose.py'>
          manager: <_pytest.config.PytestPluginManager object at 0x7f07adbf6cc0>
      finish pytest_plugin_registered --> [] [hook]
      pytest_plugin_registered [hook]
          plugin: <module '_pytest.assertion' from '/src/targens/NEW/ProvisioningTools/ansible-role-mc/.tox/py36-ansible29/lib/python3.6/site-packages/_pytest/assertion/__init__.py'>
          manager: <_pytest.config.PytestPluginManager object at 0x7f07adbf6cc0>
      finish pytest_plugin_registered --> [] [hook]
      pytest_plugin_registered [hook]
          plugin: <module '_pytest.junitxml' from '/src/targens/NEW/ProvisioningTools/ansible-role-mc/.tox/py36-ansible29/lib/python3.6/site-packages/_pytest/junitxml.py'>
          manager: <_pytest.config.PytestPluginManager object at 0x7f07adbf6cc0>
      finish pytest_plugin_registered --> [] [hook]
      pytest_plugin_registered [hook]
          plugin: <module '_pytest.resultlog' from '/src/targens/NEW/ProvisioningTools/ansible-role-mc/.tox/py36-ansible29/lib/python3.6/site-packages/_pytest/resultlog.py'>
          manager: <_pytest.config.PytestPluginManager object at 0x7f07adbf6cc0>
      finish pytest_plugin_registered --> [] [hook]
      pytest_plugin_registered [hook]
          plugin: <module '_pytest.doctest' from '/src/targens/NEW/ProvisioningTools/ansible-role-mc/.tox/py36-ansible29/lib/python3.6/site-packages/_pytest/doctest.py'>
          manager: <_pytest.config.PytestPluginManager object at 0x7f07adbf6cc0>
      finish pytest_plugin_registered --> [] [hook]
      pytest_plugin_registered [hook]
          plugin: <module '_pytest.freeze_support' from '/src/targens/NEW/ProvisioningTools/ansible-role-mc/.tox/py36-ansible29/lib/python3.6/site-packages/_pytest/freeze_support.py'>
          manager: <_pytest.config.PytestPluginManager object at 0x7f07adbf6cc0>
      finish pytest_plugin_registered --> [] [hook]
      pytest_plugin_registered [hook]
          plugin: <module '_pytest.setuponly' from '/src/targens/NEW/ProvisioningTools/ansible-role-mc/.tox/py36-ansible29/lib/python3.6/site-packages/_pytest/setuponly.py'>
          manager: <_pytest.config.PytestPluginManager object at 0x7f07adbf6cc0>
      finish pytest_plugin_registered --> [] [hook]
      pytest_plugin_registered [hook]
          plugin: <module '_pytest.setupplan' from '/src/targens/NEW/ProvisioningTools/ansible-role-mc/.tox/py36-ansible29/lib/python3.6/site-packages/_pytest/setupplan.py'>
          manager: <_pytest.config.PytestPluginManager object at 0x7f07adbf6cc0>
      finish pytest_plugin_registered --> [] [hook]
      pytest_plugin_registered [hook]
          plugin: <module '_pytest.warnings' from '/src/targens/NEW/ProvisioningTools/ansible-role-mc/.tox/py36-ansible29/lib/python3.6/site-packages/_pytest/warnings.py'>
          manager: <_pytest.config.PytestPluginManager object at 0x7f07adbf6cc0>
      finish pytest_plugin_registered --> [] [hook]
      pytest_plugin_registered [hook]
          plugin: <module '_pytest.logging' from '/src/targens/NEW/ProvisioningTools/ansible-role-mc/.tox/py36-ansible29/lib/python3.6/site-packages/_pytest/logging.py'>
          manager: <_pytest.config.PytestPluginManager object at 0x7f07adbf6cc0>
      finish pytest_plugin_registered --> [] [hook]
      pytest_plugin_registered [hook]
          plugin: <module '_pytest.reports' from '/src/targens/NEW/ProvisioningTools/ansible-role-mc/.tox/py36-ansible29/lib/python3.6/site-packages/_pytest/reports.py'>
          manager: <_pytest.config.PytestPluginManager object at 0x7f07adbf6cc0>
      finish pytest_plugin_registered --> [] [hook]
      pytest_plugin_registered [hook]
          plugin: <module '_pytest.faulthandler' from '/src/targens/NEW/ProvisioningTools/ansible-role-mc/.tox/py36-ansible29/lib/python3.6/site-packages/_pytest/faulthandler.py'>
          manager: <_pytest.config.PytestPluginManager object at 0x7f07adbf6cc0>
      finish pytest_plugin_registered --> [] [hook]
      pytest_plugin_registered [hook]
          plugin: <module 'testinfra.plugin' from '/src/targens/NEW/ProvisioningTools/ansible-role-mc/.tox/py36-ansible29/lib/python3.6/site-packages/testinfra/plugin.py'>
          manager: <_pytest.config.PytestPluginManager object at 0x7f07adbf6cc0>
      finish pytest_plugin_registered --> [] [hook]
      pytest_plugin_registered [hook]
          plugin: <CaptureManager _method='fd' _global_capturing=<MultiCapture out=<FDCapture 1 oldfd=5 _state='suspended' tmpfile=<_io.TextIOWrapper name="<_io.FileIO name=6 mode='rb+' closefd=True>" mode='r+' encoding='utf-8'>> err=<FDCapture 2 oldfd=7 _state='suspended' tmpfile=<_io.TextIOWrapper name="<_io.FileIO name=8 mode='rb+' closefd=True>" mode='r+' encoding='utf-8'>> in_=<FDCapture 0 oldfd=3 _state='started' tmpfile=<_io.TextIOWrapper name='/dev/null' mode='r' encoding='UTF-8'>> _state='suspended' _in_suspended=False> _capture_fixture=None>
          manager: <_pytest.config.PytestPluginManager object at 0x7f07adbf6cc0>
      finish pytest_plugin_registered --> [] [hook]
      pytest_plugin_registered [hook]
          plugin: <Session default exitstatus=<ExitCode.OK: 0> testsfailed=0 testscollected=0>
          manager: <_pytest.config.PytestPluginManager object at 0x7f07adbf6cc0>
      finish pytest_plugin_registered --> [] [hook]
      pytest_plugin_registered [hook]
          plugin: <_pytest.faulthandler.FaultHandlerHooks object at 0x7f07acf86828>
          manager: <_pytest.config.PytestPluginManager object at 0x7f07adbf6cc0>
      finish pytest_plugin_registered --> [] [hook]
      pytest_plugin_registered [hook]
          plugin: <_pytest.terminal.TerminalReporter object at 0x7f07acf66f60>
          manager: <_pytest.config.PytestPluginManager object at 0x7f07adbf6cc0>
      finish pytest_plugin_registered --> [] [hook]
      pytest_plugin_registered [hook]
          plugin: <_pytest.logging.LoggingPlugin object at 0x7f07acea9f60>
          manager: <_pytest.config.PytestPluginManager object at 0x7f07adbf6cc0>
      finish pytest_plugin_registered --> [] [hook]
    finish pytest_configure --> [] [hook]
    pytest_sessionstart [hook]
        session: <Session default exitstatus=<ExitCode.OK: 0> testsfailed=0 testscollected=0>
      pytest_plugin_registered [hook]
          plugin: <_pytest.config.PytestPluginManager object at 0x7f07adbf6cc0>
          manager: <_pytest.config.PytestPluginManager object at 0x7f07adbf6cc0>
      finish pytest_plugin_registered --> [] [hook]
      pytest_plugin_registered [hook]
          plugin: <_pytest.config.Config object at 0x7f07acd87c50>
          manager: <_pytest.config.PytestPluginManager object at 0x7f07adbf6cc0>
      finish pytest_plugin_registered --> [] [hook]
      pytest_plugin_registered [hook]
          plugin: <module '_pytest.mark' from '/src/targens/NEW/ProvisioningTools/ansible-role-mc/.tox/py36-ansible29/lib/python3.6/site-packages/_pytest/mark/__init__.py'>
          manager: <_pytest.config.PytestPluginManager object at 0x7f07adbf6cc0>
      finish pytest_plugin_registered --> [] [hook]
      pytest_plugin_registered [hook]
          plugin: <module '_pytest.main' from '/src/targens/NEW/ProvisioningTools/ansible-role-mc/.tox/py36-ansible29/lib/python3.6/site-packages/_pytest/main.py'>
          manager: <_pytest.config.PytestPluginManager object at 0x7f07adbf6cc0>
      finish pytest_plugin_registered --> [] [hook]
      pytest_plugin_registered [hook]
          plugin: <module '_pytest.runner' from '/src/targens/NEW/ProvisioningTools/ansible-role-mc/.tox/py36-ansible29/lib/python3.6/site-packages/_pytest/runner.py'>
          manager: <_pytest.config.PytestPluginManager object at 0x7f07adbf6cc0>
      finish pytest_plugin_registered --> [] [hook]
      pytest_plugin_registered [hook]
          plugin: <module '_pytest.fixtures' from '/src/targens/NEW/ProvisioningTools/ansible-role-mc/.tox/py36-ansible29/lib/python3.6/site-packages/_pytest/fixtures.py'>
          manager: <_pytest.config.PytestPluginManager object at 0x7f07adbf6cc0>
      finish pytest_plugin_registered --> [] [hook]
      pytest_plugin_registered [hook]
          plugin: <module '_pytest.helpconfig' from '/src/targens/NEW/ProvisioningTools/ansible-role-mc/.tox/py36-ansible29/lib/python3.6/site-packages/_pytest/helpconfig.py'>
          manager: <_pytest.config.PytestPluginManager object at 0x7f07adbf6cc0>
      finish pytest_plugin_registered --> [] [hook]
      pytest_plugin_registered [hook]
          plugin: <module '_pytest.python' from '/src/targens/NEW/ProvisioningTools/ansible-role-mc/.tox/py36-ansible29/lib/python3.6/site-packages/_pytest/python.py'>
          manager: <_pytest.config.PytestPluginManager object at 0x7f07adbf6cc0>
      finish pytest_plugin_registered --> [] [hook]
      pytest_plugin_registered [hook]
          plugin: <module '_pytest.terminal' from '/src/targens/NEW/ProvisioningTools/ansible-role-mc/.tox/py36-ansible29/lib/python3.6/site-packages/_pytest/terminal.py'>
          manager: <_pytest.config.PytestPluginManager object at 0x7f07adbf6cc0>
      finish pytest_plugin_registered --> [] [hook]
      pytest_plugin_registered [hook]
          plugin: <module '_pytest.debugging' from '/src/targens/NEW/ProvisioningTools/ansible-role-mc/.tox/py36-ansible29/lib/python3.6/site-packages/_pytest/debugging.py'>
          manager: <_pytest.config.PytestPluginManager object at 0x7f07adbf6cc0>
      finish pytest_plugin_registered --> [] [hook]
      pytest_plugin_registered [hook]
          plugin: <module '_pytest.unittest' from '/src/targens/NEW/ProvisioningTools/ansible-role-mc/.tox/py36-ansible29/lib/python3.6/site-packages/_pytest/unittest.py'>
          manager: <_pytest.config.PytestPluginManager object at 0x7f07adbf6cc0>
      finish pytest_plugin_registered --> [] [hook]
      pytest_plugin_registered [hook]
          plugin: <module '_pytest.capture' from '/src/targens/NEW/ProvisioningTools/ansible-role-mc/.tox/py36-ansible29/lib/python3.6/site-packages/_pytest/capture.py'>
          manager: <_pytest.config.PytestPluginManager object at 0x7f07adbf6cc0>
      finish pytest_plugin_registered --> [] [hook]
      pytest_plugin_registered [hook]
          plugin: <module '_pytest.skipping' from '/src/targens/NEW/ProvisioningTools/ansible-role-mc/.tox/py36-ansible29/lib/python3.6/site-packages/_pytest/skipping.py'>
          manager: <_pytest.config.PytestPluginManager object at 0x7f07adbf6cc0>
      finish pytest_plugin_registered --> [] [hook]
      pytest_plugin_registered [hook]
          plugin: <module '_pytest.tmpdir' from '/src/targens/NEW/ProvisioningTools/ansible-role-mc/.tox/py36-ansible29/lib/python3.6/site-packages/_pytest/tmpdir.py'>
          manager: <_pytest.config.PytestPluginManager object at 0x7f07adbf6cc0>
      finish pytest_plugin_registered --> [] [hook]
      pytest_plugin_registered [hook]
          plugin: <module '_pytest.monkeypatch' from '/src/targens/NEW/ProvisioningTools/ansible-role-mc/.tox/py36-ansible29/lib/python3.6/site-packages/_pytest/monkeypatch.py'>
          manager: <_pytest.config.PytestPluginManager object at 0x7f07adbf6cc0>
      finish pytest_plugin_registered --> [] [hook]
      pytest_plugin_registered [hook]
          plugin: <module '_pytest.recwarn' from '/src/targens/NEW/ProvisioningTools/ansible-role-mc/.tox/py36-ansible29/lib/python3.6/site-packages/_pytest/recwarn.py'>
          manager: <_pytest.config.PytestPluginManager object at 0x7f07adbf6cc0>
      finish pytest_plugin_registered --> [] [hook]
      pytest_plugin_registered [hook]
          plugin: <module '_pytest.pastebin' from '/src/targens/NEW/ProvisioningTools/ansible-role-mc/.tox/py36-ansible29/lib/python3.6/site-packages/_pytest/pastebin.py'>
          manager: <_pytest.config.PytestPluginManager object at 0x7f07adbf6cc0>
      finish pytest_plugin_registered --> [] [hook]
      pytest_plugin_registered [hook]
          plugin: <module '_pytest.nose' from '/src/targens/NEW/ProvisioningTools/ansible-role-mc/.tox/py36-ansible29/lib/python3.6/site-packages/_pytest/nose.py'>
          manager: <_pytest.config.PytestPluginManager object at 0x7f07adbf6cc0>
      finish pytest_plugin_registered --> [] [hook]
      pytest_plugin_registered [hook]
          plugin: <module '_pytest.assertion' from '/src/targens/NEW/ProvisioningTools/ansible-role-mc/.tox/py36-ansible29/lib/python3.6/site-packages/_pytest/assertion/__init__.py'>
          manager: <_pytest.config.PytestPluginManager object at 0x7f07adbf6cc0>
      finish pytest_plugin_registered --> [] [hook]
      pytest_plugin_registered [hook]
          plugin: <module '_pytest.junitxml' from '/src/targens/NEW/ProvisioningTools/ansible-role-mc/.tox/py36-ansible29/lib/python3.6/site-packages/_pytest/junitxml.py'>
          manager: <_pytest.config.PytestPluginManager object at 0x7f07adbf6cc0>
      finish pytest_plugin_registered --> [] [hook]
      pytest_plugin_registered [hook]
          plugin: <module '_pytest.resultlog' from '/src/targens/NEW/ProvisioningTools/ansible-role-mc/.tox/py36-ansible29/lib/python3.6/site-packages/_pytest/resultlog.py'>
          manager: <_pytest.config.PytestPluginManager object at 0x7f07adbf6cc0>
      finish pytest_plugin_registered --> [] [hook]
      pytest_plugin_registered [hook]
          plugin: <module '_pytest.doctest' from '/src/targens/NEW/ProvisioningTools/ansible-role-mc/.tox/py36-ansible29/lib/python3.6/site-packages/_pytest/doctest.py'>
          manager: <_pytest.config.PytestPluginManager object at 0x7f07adbf6cc0>
      finish pytest_plugin_registered --> [] [hook]
      pytest_plugin_registered [hook]
          plugin: <module '_pytest.freeze_support' from '/src/targens/NEW/ProvisioningTools/ansible-role-mc/.tox/py36-ansible29/lib/python3.6/site-packages/_pytest/freeze_support.py'>
          manager: <_pytest.config.PytestPluginManager object at 0x7f07adbf6cc0>
      finish pytest_plugin_registered --> [] [hook]
      pytest_plugin_registered [hook]
          plugin: <module '_pytest.setuponly' from '/src/targens/NEW/ProvisioningTools/ansible-role-mc/.tox/py36-ansible29/lib/python3.6/site-packages/_pytest/setuponly.py'>
          manager: <_pytest.config.PytestPluginManager object at 0x7f07adbf6cc0>
      finish pytest_plugin_registered --> [] [hook]
      pytest_plugin_registered [hook]
          plugin: <module '_pytest.setupplan' from '/src/targens/NEW/ProvisioningTools/ansible-role-mc/.tox/py36-ansible29/lib/python3.6/site-packages/_pytest/setupplan.py'>
          manager: <_pytest.config.PytestPluginManager object at 0x7f07adbf6cc0>
      finish pytest_plugin_registered --> [] [hook]
      pytest_plugin_registered [hook]
          plugin: <module '_pytest.warnings' from '/src/targens/NEW/ProvisioningTools/ansible-role-mc/.tox/py36-ansible29/lib/python3.6/site-packages/_pytest/warnings.py'>
          manager: <_pytest.config.PytestPluginManager object at 0x7f07adbf6cc0>
      finish pytest_plugin_registered --> [] [hook]
      pytest_plugin_registered [hook]
          plugin: <module '_pytest.logging' from '/src/targens/NEW/ProvisioningTools/ansible-role-mc/.tox/py36-ansible29/lib/python3.6/site-packages/_pytest/logging.py'>
          manager: <_pytest.config.PytestPluginManager object at 0x7f07adbf6cc0>
      finish pytest_plugin_registered --> [] [hook]
      pytest_plugin_registered [hook]
          plugin: <module '_pytest.reports' from '/src/targens/NEW/ProvisioningTools/ansible-role-mc/.tox/py36-ansible29/lib/python3.6/site-packages/_pytest/reports.py'>
          manager: <_pytest.config.PytestPluginManager object at 0x7f07adbf6cc0>
      finish pytest_plugin_registered --> [] [hook]
      pytest_plugin_registered [hook]
          plugin: <module '_pytest.faulthandler' from '/src/targens/NEW/ProvisioningTools/ansible-role-mc/.tox/py36-ansible29/lib/python3.6/site-packages/_pytest/faulthandler.py'>
          manager: <_pytest.config.PytestPluginManager object at 0x7f07adbf6cc0>
      finish pytest_plugin_registered --> [] [hook]
      pytest_plugin_registered [hook]
          plugin: <module 'testinfra.plugin' from '/src/targens/NEW/ProvisioningTools/ansible-role-mc/.tox/py36-ansible29/lib/python3.6/site-packages/testinfra/plugin.py'>
          manager: <_pytest.config.PytestPluginManager object at 0x7f07adbf6cc0>
      finish pytest_plugin_registered --> [] [hook]
      pytest_plugin_registered [hook]
          plugin: <CaptureManager _method='fd' _global_capturing=<MultiCapture out=<FDCapture 1 oldfd=5 _state='suspended' tmpfile=<_io.TextIOWrapper name="<_io.FileIO name=6 mode='rb+' closefd=True>" mode='r+' encoding='utf-8'>> err=<FDCapture 2 oldfd=7 _state='suspended' tmpfile=<_io.TextIOWrapper name="<_io.FileIO name=8 mode='rb+' closefd=True>" mode='r+' encoding='utf-8'>> in_=<FDCapture 0 oldfd=3 _state='started' tmpfile=<_io.TextIOWrapper name='/dev/null' mode='r' encoding='UTF-8'>> _state='suspended' _in_suspended=False> _capture_fixture=None>
          manager: <_pytest.config.PytestPluginManager object at 0x7f07adbf6cc0>
      finish pytest_plugin_registered --> [] [hook]
      pytest_plugin_registered [hook]
          plugin: <Session default exitstatus=<ExitCode.OK: 0> testsfailed=0 testscollected=0>
          manager: <_pytest.config.PytestPluginManager object at 0x7f07adbf6cc0>
      finish pytest_plugin_registered --> [] [hook]
      pytest_plugin_registered [hook]
          plugin: <_pytest.faulthandler.FaultHandlerHooks object at 0x7f07acf86828>
          manager: <_pytest.config.PytestPluginManager object at 0x7f07adbf6cc0>
      finish pytest_plugin_registered --> [] [hook]
      pytest_plugin_registered [hook]
          plugin: <_pytest.terminal.TerminalReporter object at 0x7f07acf66f60>
          manager: <_pytest.config.PytestPluginManager object at 0x7f07adbf6cc0>
      finish pytest_plugin_registered --> [] [hook]
      pytest_plugin_registered [hook]
          plugin: <_pytest.logging.LoggingPlugin object at 0x7f07acea9f60>
          manager: <_pytest.config.PytestPluginManager object at 0x7f07adbf6cc0>
      finish pytest_plugin_registered --> [] [hook]
      pytest_plugin_registered [hook]
          plugin: <_pytest.fixtures.FixtureManager object at 0x7f07adc2b3c8>
          manager: <_pytest.config.PytestPluginManager object at 0x7f07adbf6cc0>
      finish pytest_plugin_registered --> [] [hook]
      pytest_report_header [hook]
          config: <_pytest.config.Config object at 0x7f07acd87c50>
          startdir: /src/targens/NEW/ProvisioningTools/ansible-role-mc/molecule/default
      finish pytest_report_header --> [['rootdir: /src/targens/NEW/ProvisioningTools/ansible-role-mc/molecule/default', 'plugins: testinfra-5.2.2'], ['using: pytest-6.0.0 pylib-1.9.0', 'setuptools registered plugins:', '  testinfra-5.2.2 at /src/targens/NEW/ProvisioningTools/ansible-role-mc/.tox/py36-ansible29/lib/python3.6/site-packages/testinfra/plugin.py']] [hook]
    finish pytest_sessionstart --> [] [hook]
    pytest_collection [hook]
        session: <Session default exitstatus=<ExitCode.OK: 0> testsfailed=0 testscollected=0>
    perform_collect <Session default exitstatus=<ExitCode.OK: 0> testsfailed=0 testscollected=0> ['/src/targens/NEW/ProvisioningTools/ansible-role-mc/molecule/default/tests/test_default.py'] [collection]
        pytest_collectstart [hook]
            collector: <Session default exitstatus=<ExitCode.OK: 0> testsfailed=0 testscollected=0>
        finish pytest_collectstart --> [] [hook]
        pytest_make_collect_report [hook]
            collector: <Session default exitstatus=<ExitCode.OK: 0> testsfailed=0 testscollected=0>
        processing argument (local('/src/targens/NEW/ProvisioningTools/ansible-role-mc/molecule/default/tests/test_default.py'), []) [collection]
            pytest_collect_file [hook]
                path: /src/targens/NEW/ProvisioningTools/ansible-role-mc/molecule/default/tests/test_default.py
                parent: <Session default exitstatus=<ExitCode.OK: 0> testsfailed=0 testscollected=0>
              pytest_pycollect_makemodule [hook]
                  path: /src/targens/NEW/ProvisioningTools/ansible-role-mc/molecule/default/tests/test_default.py
                  parent: <Session default exitstatus=<ExitCode.OK: 0> testsfailed=0 testscollected=0>
              finish pytest_pycollect_makemodule --> <Module tests/test_default.py> [hook]
            finish pytest_collect_file --> [<Module tests/test_default.py>] [hook]
          matchnodes [<Module tests/test_default.py>] [] [collection]
            matchnodes finished ->  1 nodes [collection]
        finish pytest_make_collect_report --> <CollectReport '' lenresult=1 outcome='passed'> [hook]
        pytest_collectreport [hook]
            report: <CollectReport '' lenresult=1 outcome='passed'>
        finish pytest_collectreport --> [] [hook]
    genitems <Module tests/test_default.py> [collection]
      pytest_collectstart [hook]
          collector: <Module tests/test_default.py>
      finish pytest_collectstart --> [] [hook]
      pytest_make_collect_report [hook]
          collector: <Module tests/test_default.py>
      find_module called for: test_default [assertion]
      matched test file (was specified on cmdline): '/src/targens/NEW/ProvisioningTools/ansible-role-mc/molecule/default/tests/test_default.py' [assertion]
      rewriting PosixPath('/src/targens/NEW/ProvisioningTools/ansible-role-mc/molecule/default/tests/test_default.py') [assertion]
      matched marked file 'testinfra.utils' (from 'testinfra') [assertion]
      find_module called for: testinfra.utils [assertion]
      rewriting PosixPath('/src/targens/NEW/ProvisioningTools/ansible-role-mc/.tox/py36-ansible29/lib/python3.6/site-packages/testinfra/utils/__init__.py') [assertion]
      matched marked file 'testinfra.utils.ansible_runner' (from 'testinfra') [assertion]
      find_module called for: testinfra.utils.ansible_runner [assertion]
      rewriting PosixPath('/src/targens/NEW/ProvisioningTools/ansible-role-mc/.tox/py36-ansible29/lib/python3.6/site-packages/testinfra/utils/ansible_runner.py') [assertion]
      early skip of rewriting module: ipaddress [assertion]
      early skip of rewriting module: json [assertion]
      early skip of rewriting module: json.decoder [assertion]
      early skip of rewriting module: json.scanner [assertion]
      early skip of rewriting module: _json [assertion]
      early skip of rewriting module: json.encoder [assertion]
      matched marked file 'testinfra.backend.local' (from 'testinfra') [assertion]
      find_module called for: testinfra.backend.local [assertion]
      rewriting PosixPath('/src/targens/NEW/ProvisioningTools/ansible-role-mc/.tox/py36-ansible29/lib/python3.6/site-packages/testinfra/backend/local.py') [assertion]
      matched marked file 'testinfra.backend.base' (from 'testinfra') [assertion]
      find_module called for: testinfra.backend.base [assertion]
      rewriting PosixPath('/src/targens/NEW/ProvisioningTools/ansible-role-mc/.tox/py36-ansible29/lib/python3.6/site-packages/testinfra/backend/base.py') [assertion]
      early skip of rewriting module: pipes [assertion]
        pytest_pycollect_makeitem [hook]
            collector: <Module tests/test_default.py>
            name: __name__
            obj: test_default
        finish pytest_pycollect_makeitem --> None [hook]
        pytest_pycollect_makeitem [hook]
            collector: <Module tests/test_default.py>
            name: __doc__
            obj: None
        finish pytest_pycollect_makeitem --> None [hook]
        pytest_pycollect_makeitem [hook]
            collector: <Module tests/test_default.py>
            name: __package__
            obj: 
        finish pytest_pycollect_makeitem --> None [hook]
        pytest_pycollect_makeitem [hook]
            collector: <Module tests/test_default.py>
            name: __loader__
            obj: <_pytest.assertion.rewrite.AssertionRewritingHook object at 0x7f07acece2e8>
        finish pytest_pycollect_makeitem --> None [hook]
        pytest_pycollect_makeitem [hook]
            collector: <Module tests/test_default.py>
            name: __spec__
            obj: ModuleSpec(name='test_default', loader=<_pytest.assertion.rewrite.AssertionRewritingHook object at 0x7f07acece2e8>, origin='/src/targens/NEW/ProvisioningTools/ansible-role-mc/molecule/default/tests/test_default.py')
        finish pytest_pycollect_makeitem --> None [hook]
        pytest_pycollect_makeitem [hook]
            collector: <Module tests/test_default.py>
            name: __file__
            obj: /src/targens/NEW/ProvisioningTools/ansible-role-mc/molecule/default/tests/test_default.py
        finish pytest_pycollect_makeitem --> None [hook]
        pytest_pycollect_makeitem [hook]
            collector: <Module tests/test_default.py>
            name: __cached__
            obj: /src/targens/NEW/ProvisioningTools/ansible-role-mc/molecule/default/tests/__pycache__/test_default.cpython-36.pyc
        finish pytest_pycollect_makeitem --> None [hook]
        pytest_pycollect_makeitem [hook]
            collector: <Module tests/test_default.py>
            name: __builtins__
            obj: {'__name__': 'builtins', '__doc__': "Built-in functions, exceptions, and other objects.\n\nNoteworthy: None is the `nil' object; Ellipsis represents `...' in slices.", '__package__': '', '__loader__': <class '_frozen_importlib.BuiltinImporter'>, '__spec__': ModuleSpec(name='builtins', loader=<class '_frozen_importlib.BuiltinImporter'>), '__build_class__': <built-in function __build_class__>, '__import__': <built-in function __import__>, 'abs': <built-in function abs>, 'all': <built-in function all>, 'any': <built-in function any>, 'ascii': <built-in function ascii>, 'bin': <built-in function bin>, 'callable': <built-in function callable>, 'chr': <built-in function chr>, 'compile': <built-in function compile>, 'delattr': <built-in function delattr>, 'dir': <built-in function dir>, 'divmod': <built-in function divmod>, 'eval': <built-in function eval>, 'exec': <built-in function exec>, 'format': <built-in function format>, 'getattr': <built-in function getattr>, 'globals': <built-in function globals>, 'hasattr': <built-in function hasattr>, 'hash': <built-in function hash>, 'hex': <built-in function hex>, 'id': <built-in function id>, 'input': <built-in function input>, 'isinstance': <built-in function isinstance>, 'issubclass': <built-in function issubclass>, 'iter': <built-in function iter>, 'len': <built-in function len>, 'locals': <built-in function locals>, 'max': <built-in function max>, 'min': <built-in function min>, 'next': <built-in function next>, 'oct': <built-in function oct>, 'ord': <built-in function ord>, 'pow': <built-in function pow>, 'print': <built-in function print>, 'repr': <built-in function repr>, 'round': <built-in function round>, 'setattr': <built-in function setattr>, 'sorted': <built-in function sorted>, 'sum': <built-in function sum>, 'vars': <built-in function vars>, 'None': None, 'Ellipsis': Ellipsis, 'NotImplemented': NotImplemented, 'False': False, 'True': True, 'bool': <class 'bool'>, 'memoryview': <class 'memoryview'>, 'bytearray': <class 'bytearray'>, 'bytes': <class 'bytes'>, 'classmethod': <class 'classmethod'>, 'complex': <class 'complex'>, 'dict': <class 'dict'>, 'enumerate': <class 'enumerate'>, 'filter': <class 'filter'>, 'float': <class 'float'>, 'frozenset': <class 'frozenset'>, 'property': <class 'property'>, 'int': <class 'int'>, 'list': <class 'list'>, 'map': <class 'map'>, 'object': <class 'object'>, 'range': <class 'range'>, 'reversed': <class 'reversed'>, 'set': <class 'set'>, 'slice': <class 'slice'>, 'staticmethod': <class 'staticmethod'>, 'str': <class 'str'>, 'super': <class 'super'>, 'tuple': <class 'tuple'>, 'type': <class 'type'>, 'zip': <class 'zip'>, '__debug__': True, 'BaseException': <class 'BaseException'>, 'Exception': <class 'Exception'>, 'TypeError': <class 'TypeError'>, 'StopAsyncIteration': <class 'StopAsyncIteration'>, 'StopIteration': <class 'StopIteration'>, 'GeneratorExit': <class 'GeneratorExit'>, 'SystemExit': <class 'SystemExit'>, 'KeyboardInterrupt': <class 'KeyboardInterrupt'>, 'ImportError': <class 'ImportError'>, 'ModuleNotFoundError': <class 'ModuleNotFoundError'>, 'OSError': <class 'OSError'>, 'EnvironmentError': <class 'OSError'>, 'IOError': <class 'OSError'>, 'EOFError': <class 'EOFError'>, 'RuntimeError': <class 'RuntimeError'>, 'RecursionError': <class 'RecursionError'>, 'NotImplementedError': <class 'NotImplementedError'>, 'NameError': <class 'NameError'>, 'UnboundLocalError': <class 'UnboundLocalError'>, 'AttributeError': <class 'AttributeError'>, 'SyntaxError': <class 'SyntaxError'>, 'IndentationError': <class 'IndentationError'>, 'TabError': <class 'TabError'>, 'LookupError': <class 'LookupError'>, 'IndexError': <class 'IndexError'>, 'KeyError': <class 'KeyError'>, 'ValueError': <class 'ValueError'>, 'UnicodeError': <class 'UnicodeError'>, 'UnicodeEncodeError': <class 'UnicodeEncodeError'>, 'UnicodeDecodeError': <class 'UnicodeDecodeError'>, 'UnicodeTranslateError': <class 'UnicodeTranslateError'>, 'AssertionError': <class 'AssertionError'>, 'ArithmeticError': <class 'ArithmeticError'>, 'FloatingPointError': <class 'FloatingPointError'>, 'OverflowError': <class 'OverflowError'>, 'ZeroDivisionError': <class 'ZeroDivisionError'>, 'SystemError': <class 'SystemError'>, 'ReferenceError': <class 'ReferenceError'>, 'BufferError': <class 'BufferError'>, 'MemoryError': <class 'MemoryError'>, 'Warning': <class 'Warning'>, 'UserWarning': <class 'UserWarning'>, 'DeprecationWarning': <class 'DeprecationWarning'>, 'PendingDeprecationWarning': <class 'PendingDeprecationWarning'>, 'SyntaxWarning': <class 'SyntaxWarning'>, 'RuntimeWarning': <class 'RuntimeWarning'>, 'FutureWarning': <class 'FutureWarning'>, 'ImportWarning': <class 'ImportWarning'>, 'UnicodeWarning': <class 'UnicodeWarning'>, 'BytesWarning': <class 'BytesWarning'>, 'ResourceWarning': <class 'ResourceWarning'>, 'ConnectionError': <class 'ConnectionError'>, 'BlockingIOError': <class 'BlockingIOError'>, 'BrokenPipeError': <class 'BrokenPipeError'>, 'ChildProcessError': <class 'ChildProcessError'>, 'ConnectionAbortedError': <class 'ConnectionAbortedError'>, 'ConnectionRefusedError': <class 'ConnectionRefusedError'>, 'ConnectionResetError': <class 'ConnectionResetError'>, 'FileExistsError': <class 'FileExistsError'>, 'FileNotFoundError': <class 'FileNotFoundError'>, 'IsADirectoryError': <class 'IsADirectoryError'>, 'NotADirectoryError': <class 'NotADirectoryError'>, 'InterruptedError': <class 'InterruptedError'>, 'PermissionError': <class 'PermissionError'>, 'ProcessLookupError': <class 'ProcessLookupError'>, 'TimeoutError': <class 'TimeoutError'>, 'open': <built-in function open>, 'quit': Use quit() or Ctrl-D (i.e. EOF) to exit, 'exit': Use exit() or Ctrl-D (i.e. EOF) to exit, 'copyright': Copyright (c) 2001-2020 Python Software Foundation.
All Rights Reserved.

Copyright (c) 2000 BeOpen.com.
All Rights Reserved.

Copyright (c) 1995-2001 Corporation for National Research Initiatives.
All Rights Reserved.

Copyright (c) 1991-1995 Stichting Mathematisch Centrum, Amsterdam.
All Rights Reserved., 'credits':     Thanks to CWI, CNRI, BeOpen.com, Zope Corporation and a cast of thousands
    for supporting Python development.  See www.python.org for more information., 'license': Type license() to see the full license text, 'help': Type help() for interactive help, or help(object) for help about object.}
        finish pytest_pycollect_makeitem --> None [hook]
        pytest_pycollect_makeitem [hook]
            collector: <Module tests/test_default.py>
            name: @py_builtins
            obj: <module 'builtins' (built-in)>
        finish pytest_pycollect_makeitem --> None [hook]
        pytest_pycollect_makeitem [hook]
            collector: <Module tests/test_default.py>
            name: @pytest_ar
            obj: <module '_pytest.assertion.rewrite' from '/src/targens/NEW/ProvisioningTools/ansible-role-mc/.tox/py36-ansible29/lib/python3.6/site-packages/_pytest/assertion/rewrite.py'>
        finish pytest_pycollect_makeitem --> None [hook]
        pytest_pycollect_makeitem [hook]
            collector: <Module tests/test_default.py>
            name: pytest
            obj: <module 'pytest' from '/src/targens/NEW/ProvisioningTools/ansible-role-mc/.tox/py36-ansible29/lib/python3.6/site-packages/pytest/__init__.py'>
        finish pytest_pycollect_makeitem --> None [hook]
        pytest_pycollect_makeitem [hook]
            collector: <Module tests/test_default.py>
            name: os
            obj: <module 'os' from '/src/targens/NEW/ProvisioningTools/ansible-role-mc/.tox/py36-ansible29/lib64/python3.6/os.py'>
        finish pytest_pycollect_makeitem --> None [hook]
        pytest_pycollect_makeitem [hook]
            collector: <Module tests/test_default.py>
            name: testinfra
            obj: <module 'testinfra' from '/src/targens/NEW/ProvisioningTools/ansible-role-mc/.tox/py36-ansible29/lib/python3.6/site-packages/testinfra/__init__.py'>
        finish pytest_pycollect_makeitem --> None [hook]
        pytest_pycollect_makeitem [hook]
            collector: <Module tests/test_default.py>
            name: testinfra_hosts
            obj: ['centos-8']
        finish pytest_pycollect_makeitem --> None [hook]
        pytest_pycollect_makeitem [hook]
            collector: <Module tests/test_default.py>
            name: get_vars
            obj: <function get_vars at 0x7f07ad05b6a8>
        finish pytest_pycollect_makeitem --> None [hook]
        pytest_pycollect_makeitem [hook]
            collector: <Module tests/test_default.py>
            name: test_directories
            obj: <function test_directories at 0x7f07acddb0d0>
          pytest_generate_tests [hook]
              metafunc: <_pytest.python.Metafunc object at 0x7f07adbcb048>
          matched marked file 'testinfra.backend.ansible' (from 'testinfra') [assertion]
          find_module called for: testinfra.backend.ansible [assertion]
          rewriting PosixPath('/src/targens/NEW/ProvisioningTools/ansible-role-mc/.tox/py36-ansible29/lib/python3.6/site-packages/testinfra/backend/ansible.py') [assertion]
          early skip of rewriting module: encodings.unicode_escape [assertion]
            pytest_make_parametrize_id [hook]
                config: <_pytest.config.Config object at 0x7f07acd87c50>
                val: /etc/ansible/facts.d
                argname: dirs
            finish pytest_make_parametrize_id --> None [hook]
            pytest_make_parametrize_id [hook]
                config: <_pytest.config.Config object at 0x7f07acd87c50>
                val: /etc/icinga2
                argname: dirs
            finish pytest_make_parametrize_id --> None [hook]
            pytest_make_parametrize_id [hook]
                config: <_pytest.config.Config object at 0x7f07acd87c50>
                val: /usr/share/icinga2
                argname: dirs
            finish pytest_make_parametrize_id --> None [hook]
            pytest_make_parametrize_id [hook]
                config: <_pytest.config.Config object at 0x7f07acd87c50>
                val: /var/log/icinga2
                argname: dirs
            finish pytest_make_parametrize_id --> None [hook]
            pytest_make_parametrize_id [hook]
                config: <_pytest.config.Config object at 0x7f07acd87c50>
                val: /var/lib/icinga2
                argname: dirs
            finish pytest_make_parametrize_id --> None [hook]
          finish pytest_generate_tests --> [] [hook]
        finish pytest_pycollect_makeitem --> [<Function test_directories[ansible://centos-8-/etc/ansible/facts.d]>, <Function test_directories[ansible://centos-8-/etc/icinga2]>, <Function test_directories[ansible://centos-8-/usr/share/icinga2]>, <Function test_directories[ansible://centos-8-/var/log/icinga2]>, <Function test_directories[ansible://centos-8-/var/lib/icinga2]>] [hook]
        pytest_pycollect_makeitem [hook]
            collector: <Module tests/test_default.py>
            name: test_user
            obj: <function test_user at 0x7f07acddb158>
          pytest_generate_tests [hook]
              metafunc: <_pytest.python.Metafunc object at 0x7f07adbd3b70>
          finish pytest_generate_tests --> [] [hook]
        finish pytest_pycollect_makeitem --> [<Function test_user[ansible://centos-8]>] [hook]
        pytest_pycollect_makeitem [hook]
            collector: <Module tests/test_default.py>
            name: test_service
            obj: <function test_service at 0x7f07acddb1e0>
          pytest_generate_tests [hook]
              metafunc: <_pytest.python.Metafunc object at 0x7f07ad71af60>
          finish pytest_generate_tests --> [] [hook]
        finish pytest_pycollect_makeitem --> [<Function test_service[ansible://centos-8]>] [hook]
        pytest_pycollect_makeitem [hook]
            collector: <Module tests/test_default.py>
            name: test_open_port
            obj: <function test_open_port at 0x7f07acddb268>
          pytest_generate_tests [hook]
              metafunc: <_pytest.python.Metafunc object at 0x7f07acdf1198>
            pytest_make_parametrize_id [hook]
                config: <_pytest.config.Config object at 0x7f07acd87c50>
                val: 0.0.0.0:5665
                argname: ports
            finish pytest_make_parametrize_id --> None [hook]
          finish pytest_generate_tests --> [] [hook]
        finish pytest_pycollect_makeitem --> [<Function test_open_port[ansible://centos-8-0.0.0.0:5665]>] [hook]
        pytest_pycollect_makeitem [hook]
            collector: <Module tests/test_default.py>
            name: __repr__
            obj: <slot wrapper '__repr__' of 'module' objects>
        finish pytest_pycollect_makeitem --> None [hook]
        pytest_pycollect_makeitem [hook]
            collector: <Module tests/test_default.py>
            name: __getattribute__
            obj: <slot wrapper '__getattribute__' of 'module' objects>
        finish pytest_pycollect_makeitem --> None [hook]
        pytest_pycollect_makeitem [hook]
            collector: <Module tests/test_default.py>
            name: __setattr__
            obj: <slot wrapper '__setattr__' of 'module' objects>
        finish pytest_pycollect_makeitem --> None [hook]
        pytest_pycollect_makeitem [hook]
            collector: <Module tests/test_default.py>
            name: __delattr__
            obj: <slot wrapper '__delattr__' of 'module' objects>
        finish pytest_pycollect_makeitem --> None [hook]
        pytest_pycollect_makeitem [hook]
            collector: <Module tests/test_default.py>
            name: __init__
            obj: <slot wrapper '__init__' of 'module' objects>
        finish pytest_pycollect_makeitem --> None [hook]
        pytest_pycollect_makeitem [hook]
            collector: <Module tests/test_default.py>
            name: __new__
            obj: <built-in method __new__ of type object at 0x7f07ae988980>
        finish pytest_pycollect_makeitem --> None [hook]
        pytest_pycollect_makeitem [hook]
            collector: <Module tests/test_default.py>
            name: __dir__
            obj: <method '__dir__' of 'module' objects>
        finish pytest_pycollect_makeitem --> None [hook]
        pytest_pycollect_makeitem [hook]
            collector: <Module tests/test_default.py>
            name: __dict__
            obj: <member '__dict__' of 'module' objects>
        finish pytest_pycollect_makeitem --> None [hook]
        pytest_pycollect_makeitem [hook]
            collector: <Module tests/test_default.py>
            name: __hash__
            obj: <slot wrapper '__hash__' of 'object' objects>
        finish pytest_pycollect_makeitem --> None [hook]
        pytest_pycollect_makeitem [hook]
            collector: <Module tests/test_default.py>
            name: __str__
            obj: <slot wrapper '__str__' of 'object' objects>
        finish pytest_pycollect_makeitem --> None [hook]
        pytest_pycollect_makeitem [hook]
            collector: <Module tests/test_default.py>
            name: __lt__
            obj: <slot wrapper '__lt__' of 'object' objects>
        finish pytest_pycollect_makeitem --> None [hook]
        pytest_pycollect_makeitem [hook]
            collector: <Module tests/test_default.py>
            name: __le__
            obj: <slot wrapper '__le__' of 'object' objects>
        finish pytest_pycollect_makeitem --> None [hook]
        pytest_pycollect_makeitem [hook]
            collector: <Module tests/test_default.py>
            name: __eq__
            obj: <slot wrapper '__eq__' of 'object' objects>
        finish pytest_pycollect_makeitem --> None [hook]
        pytest_pycollect_makeitem [hook]
            collector: <Module tests/test_default.py>
            name: __ne__
            obj: <slot wrapper '__ne__' of 'object' objects>
        finish pytest_pycollect_makeitem --> None [hook]
        pytest_pycollect_makeitem [hook]
            collector: <Module tests/test_default.py>
            name: __gt__
            obj: <slot wrapper '__gt__' of 'object' objects>
        finish pytest_pycollect_makeitem --> None [hook]
        pytest_pycollect_makeitem [hook]
            collector: <Module tests/test_default.py>
            name: __ge__
            obj: <slot wrapper '__ge__' of 'object' objects>
        finish pytest_pycollect_makeitem --> None [hook]
        pytest_pycollect_makeitem [hook]
            collector: <Module tests/test_default.py>
            name: __reduce_ex__
            obj: <method '__reduce_ex__' of 'object' objects>
        finish pytest_pycollect_makeitem --> None [hook]
        pytest_pycollect_makeitem [hook]
            collector: <Module tests/test_default.py>
            name: __reduce__
            obj: <method '__reduce__' of 'object' objects>
        finish pytest_pycollect_makeitem --> None [hook]
        pytest_pycollect_makeitem [hook]
            collector: <Module tests/test_default.py>
            name: __subclasshook__
            obj: <method '__subclasshook__' of 'object' objects>
        finish pytest_pycollect_makeitem --> None [hook]
        pytest_pycollect_makeitem [hook]
            collector: <Module tests/test_default.py>
            name: __init_subclass__
            obj: <method '__init_subclass__' of 'object' objects>
        finish pytest_pycollect_makeitem --> None [hook]
        pytest_pycollect_makeitem [hook]
            collector: <Module tests/test_default.py>
            name: __format__
            obj: <method '__format__' of 'object' objects>
        finish pytest_pycollect_makeitem --> None [hook]
        pytest_pycollect_makeitem [hook]
            collector: <Module tests/test_default.py>
            name: __sizeof__
            obj: <method '__sizeof__' of 'object' objects>
        finish pytest_pycollect_makeitem --> None [hook]
        pytest_pycollect_makeitem [hook]
            collector: <Module tests/test_default.py>
            name: __class__
            obj: <attribute '__class__' of 'object' objects>
        finish pytest_pycollect_makeitem --> None [hook]
      finish pytest_make_collect_report --> <CollectReport 'tests/test_default.py' lenresult=8 outcome='passed'> [hook]
    genitems <Function test_directories[ansible://centos-8-/etc/ansible/facts.d]> [collection]
      pytest_itemcollected [hook]
          item: <Function test_directories[ansible://centos-8-/etc/ansible/facts.d]>
      finish pytest_itemcollected --> [] [hook]
    genitems <Function test_directories[ansible://centos-8-/etc/icinga2]> [collection]
      pytest_itemcollected [hook]
          item: <Function test_directories[ansible://centos-8-/etc/icinga2]>
      finish pytest_itemcollected --> [] [hook]
    genitems <Function test_directories[ansible://centos-8-/usr/share/icinga2]> [collection]
      pytest_itemcollected [hook]
          item: <Function test_directories[ansible://centos-8-/usr/share/icinga2]>
      finish pytest_itemcollected --> [] [hook]
    genitems <Function test_directories[ansible://centos-8-/var/log/icinga2]> [collection]
      pytest_itemcollected [hook]
          item: <Function test_directories[ansible://centos-8-/var/log/icinga2]>
      finish pytest_itemcollected --> [] [hook]
    genitems <Function test_directories[ansible://centos-8-/var/lib/icinga2]> [collection]
      pytest_itemcollected [hook]
          item: <Function test_directories[ansible://centos-8-/var/lib/icinga2]>
      finish pytest_itemcollected --> [] [hook]
    genitems <Function test_user[ansible://centos-8]> [collection]
      pytest_itemcollected [hook]
          item: <Function test_user[ansible://centos-8]>
      finish pytest_itemcollected --> [] [hook]
    genitems <Function test_service[ansible://centos-8]> [collection]
      pytest_itemcollected [hook]
          item: <Function test_service[ansible://centos-8]>
      finish pytest_itemcollected --> [] [hook]
    genitems <Function test_open_port[ansible://centos-8-0.0.0.0:5665]> [collection]
      pytest_itemcollected [hook]
          item: <Function test_open_port[ansible://centos-8-0.0.0.0:5665]>
      finish pytest_itemcollected --> [] [hook]
      pytest_collectreport [hook]
          report: <CollectReport 'tests/test_default.py' lenresult=8 outcome='passed'>
      finish pytest_collectreport --> [] [hook]
      pytest_collection_modifyitems [hook]
          session: <Session default exitstatus=<ExitCode.OK: 0> testsfailed=0 testscollected=0>
          config: <_pytest.config.Config object at 0x7f07acd87c50>
          items: [<Function test_directories[ansible://centos-8-/etc/ansible/facts.d]>, <Function test_directories[ansible://centos-8-/etc/icinga2]>, <Function test_directories[ansible://centos-8-/usr/share/icinga2]>, <Function test_directories[ansible://centos-8-/var/log/icinga2]>, <Function test_directories[ansible://centos-8-/var/lib/icinga2]>, <Function test_user[ansible://centos-8]>, <Function test_service[ansible://centos-8]>, <Function test_open_port[ansible://centos-8-0.0.0.0:5665]>]
      finish pytest_collection_modifyitems --> [] [hook]
      pytest_collection_finish [hook]
          session: <Session default exitstatus=<ExitCode.OK: 0> testsfailed=0 testscollected=0>
        pytest_report_collectionfinish [hook]
            config: <_pytest.config.Config object at 0x7f07acd87c50>
            startdir: /src/targens/NEW/ProvisioningTools/ansible-role-mc/molecule/default
            items: [<Function test_directories[ansible://centos-8-/etc/ansible/facts.d]>, <Function test_directories[ansible://centos-8-/etc/icinga2]>, <Function test_directories[ansible://centos-8-/usr/share/icinga2]>, <Function test_directories[ansible://centos-8-/var/log/icinga2]>, <Function test_directories[ansible://centos-8-/var/lib/icinga2]>, <Function test_user[ansible://centos-8]>, <Function test_service[ansible://centos-8]>, <Function test_open_port[ansible://centos-8-0.0.0.0:5665]>]
        finish pytest_report_collectionfinish --> [] [hook]
      finish pytest_collection_finish --> [] [hook]
    finish pytest_collection --> None [hook]
    pytest_runtestloop [hook]
        session: <Session default exitstatus=<ExitCode.OK: 0> testsfailed=0 testscollected=8>
      pytest_runtest_protocol [hook]
          item: <Function test_directories[ansible://centos-8-/etc/ansible/facts.d]>
          nextitem: <Function test_directories[ansible://centos-8-/etc/icinga2]>
        pytest_runtest_logstart [hook]
            nodeid: tests/test_default.py::test_directories[ansible://centos-8-/etc/ansible/facts.d]
            location: ('tests/test_default.py', 35, 'test_directories[ansible://centos-8-/etc/ansible/facts.d]')
        finish pytest_runtest_logstart --> [] [hook]
        pytest_runtest_setup [hook]
            item: <Function test_directories[ansible://centos-8-/etc/ansible/facts.d]>
          pytest_fixture_setup [hook]
              fixturedef: <FixtureDef argname='_testinfra_host' scope='module' baseid=''>
              request: <SubRequest '_testinfra_host' for <Function test_directories[ansible://centos-8-/etc/ansible/facts.d]>>
          finish pytest_fixture_setup --> <testinfra.host.Host ansible://centos-8> [hook]
          pytest_fixture_setup [hook]
              fixturedef: <FixtureDef argname='host' scope='module' baseid=''>
              request: <SubRequest 'host' for <Function test_directories[ansible://centos-8-/etc/ansible/facts.d]>>
          finish pytest_fixture_setup --> <testinfra.host.Host ansible://centos-8> [hook]
          pytest_fixture_setup [hook]
              fixturedef: <FixtureDef argname='dirs' scope='function' baseid=''>
              request: <SubRequest 'dirs' for <Function test_directories[ansible://centos-8-/etc/ansible/facts.d]>>
          finish pytest_fixture_setup --> /etc/ansible/facts.d [hook]
        finish pytest_runtest_setup --> [] [hook]
        pytest_runtest_makereport [hook]
            item: <Function test_directories[ansible://centos-8-/etc/ansible/facts.d]>
            call: <CallInfo when='setup' result: []>
        finish pytest_runtest_makereport --> <TestReport 'tests/test_default.py::test_directories[ansible://centos-8-/etc/ansible/facts.d]' when='setup' outcome='passed'> [hook]
        pytest_runtest_logreport [hook]
            report: <TestReport 'tests/test_default.py::test_directories[ansible://centos-8-/etc/ansible/facts.d]' when='setup' outcome='passed'>
          pytest_report_teststatus [hook]
              report: <TestReport 'tests/test_default.py::test_directories[ansible://centos-8-/etc/ansible/facts.d]' when='setup' outcome='passed'>
              config: <_pytest.config.Config object at 0x7f07acd87c50>
          finish pytest_report_teststatus --> ('', '', '') [hook]
        finish pytest_runtest_logreport --> [] [hook]
        pytest_runtest_call [hook]
            item: <Function test_directories[ansible://centos-8-/etc/ansible/facts.d]>
          pytest_pyfunc_call [hook]
              pyfuncitem: <Function test_directories[ansible://centos-8-/etc/ansible/facts.d]>
          matched marked file 'testinfra.modules.file' (from 'testinfra') [assertion]
          find_module called for: testinfra.modules.file [assertion]
          rewriting PosixPath('/src/targens/NEW/ProvisioningTools/ansible-role-mc/.tox/py36-ansible29/lib/python3.6/site-packages/testinfra/modules/file.py') [assertion]
          matched marked file 'testinfra.modules.base' (from 'testinfra') [assertion]
          find_module called for: testinfra.modules.base [assertion]
          rewriting PosixPath('/src/targens/NEW/ProvisioningTools/ansible-role-mc/.tox/py36-ansible29/lib/python3.6/site-packages/testinfra/modules/base.py') [assertion]
          matched marked file 'testinfra.modules.systeminfo' (from 'testinfra') [assertion]
          find_module called for: testinfra.modules.systeminfo [assertion]
          rewriting PosixPath('/src/targens/NEW/ProvisioningTools/ansible-role-mc/.tox/py36-ansible29/lib/python3.6/site-packages/testinfra/modules/systeminfo.py') [assertion]
          matched marked file 'testinfra.backend.docker' (from 'testinfra') [assertion]
          find_module called for: testinfra.backend.docker [assertion]
          rewriting PosixPath('/src/targens/NEW/ProvisioningTools/ansible-role-mc/.tox/py36-ansible29/lib/python3.6/site-packages/testinfra/backend/docker.py') [assertion]
        pytest_runtest_makereport [hook]
            item: <Function test_directories[ansible://centos-8-/etc/ansible/facts.d]>
            call: <CallInfo when='call' excinfo=<ExceptionInfo AssertionError('assert False\n +  where False = <file /etc/ansible/facts.d>.is_directory',) tblen=27>>
        finish pytest_runtest_makereport --> <TestReport 'tests/test_default.py::test_directories[ansible://centos-8-/etc/ansible/facts.d]' when='call' outcome='failed'> [hook]
        pytest_runtest_logreport [hook]
            report: <TestReport 'tests/test_default.py::test_directories[ansible://centos-8-/etc/ansible/facts.d]' when='call' outcome='failed'>
          pytest_report_teststatus [hook]
              report: <TestReport 'tests/test_default.py::test_directories[ansible://centos-8-/etc/ansible/facts.d]' when='call' outcome='failed'>
              config: <_pytest.config.Config object at 0x7f07acd87c50>
          finish pytest_report_teststatus --> ('failed', 'F', 'FAILED') [hook]
        finish pytest_runtest_logreport --> [] [hook]
        pytest_exception_interact [hook]
            node: <Function test_directories[ansible://centos-8-/etc/ansible/facts.d]>
            call: <CallInfo when='call' excinfo=<ExceptionInfo AssertionError('assert False\n +  where False = <file /etc/ansible/facts.d>.is_directory',) tblen=1>>
            report: <TestReport 'tests/test_default.py::test_directories[ansible://centos-8-/etc/ansible/facts.d]' when='call' outcome='failed'>
        finish pytest_exception_interact --> [] [hook]
        pytest_runtest_teardown [hook]
            item: <Function test_directories[ansible://centos-8-/etc/ansible/facts.d]>
            nextitem: <Function test_directories[ansible://centos-8-/etc/icinga2]>
          pytest_fixture_post_finalizer [hook]
              fixturedef: <FixtureDef argname='dirs' scope='function' baseid=''>
              request: <SubRequest 'dirs' for <Function test_directories[ansible://centos-8-/etc/ansible/facts.d]>>
          finish pytest_fixture_post_finalizer --> [] [hook]
        finish pytest_runtest_teardown --> [] [hook]
        pytest_runtest_makereport [hook]
            item: <Function test_directories[ansible://centos-8-/etc/ansible/facts.d]>
            call: <CallInfo when='teardown' result: []>
        finish pytest_runtest_makereport --> <TestReport 'tests/test_default.py::test_directories[ansible://centos-8-/etc/ansible/facts.d]' when='teardown' outcome='passed'> [hook]
        pytest_runtest_logreport [hook]
            report: <TestReport 'tests/test_default.py::test_directories[ansible://centos-8-/etc/ansible/facts.d]' when='teardown' outcome='passed'>
          pytest_report_teststatus [hook]
              report: <TestReport 'tests/test_default.py::test_directories[ansible://centos-8-/etc/ansible/facts.d]' when='teardown' outcome='passed'>
              config: <_pytest.config.Config object at 0x7f07acd87c50>
          finish pytest_report_teststatus --> ('', '', '') [hook]
        finish pytest_runtest_logreport --> [] [hook]
        pytest_runtest_logfinish [hook]
            nodeid: tests/test_default.py::test_directories[ansible://centos-8-/etc/ansible/facts.d]
            location: ('tests/test_default.py', 35, 'test_directories[ansible://centos-8-/etc/ansible/facts.d]')
        finish pytest_runtest_logfinish --> [] [hook]
      finish pytest_runtest_protocol --> True [hook]
      pytest_runtest_protocol [hook]
          item: <Function test_directories[ansible://centos-8-/etc/icinga2]>
          nextitem: <Function test_directories[ansible://centos-8-/usr/share/icinga2]>
        pytest_runtest_logstart [hook]
            nodeid: tests/test_default.py::test_directories[ansible://centos-8-/etc/icinga2]
            location: ('tests/test_default.py', 35, 'test_directories[ansible://centos-8-/etc/icinga2]')
        finish pytest_runtest_logstart --> [] [hook]
        pytest_runtest_setup [hook]
            item: <Function test_directories[ansible://centos-8-/etc/icinga2]>
          pytest_fixture_setup [hook]
              fixturedef: <FixtureDef argname='dirs' scope='function' baseid=''>
              request: <SubRequest 'dirs' for <Function test_directories[ansible://centos-8-/etc/icinga2]>>
          finish pytest_fixture_setup --> /etc/icinga2 [hook]
        finish pytest_runtest_setup --> [] [hook]
        pytest_runtest_makereport [hook]
            item: <Function test_directories[ansible://centos-8-/etc/icinga2]>
            call: <CallInfo when='setup' result: []>
        finish pytest_runtest_makereport --> <TestReport 'tests/test_default.py::test_directories[ansible://centos-8-/etc/icinga2]' when='setup' outcome='passed'> [hook]
        pytest_runtest_logreport [hook]
            report: <TestReport 'tests/test_default.py::test_directories[ansible://centos-8-/etc/icinga2]' when='setup' outcome='passed'>
          pytest_report_teststatus [hook]
              report: <TestReport 'tests/test_default.py::test_directories[ansible://centos-8-/etc/icinga2]' when='setup' outcome='passed'>
              config: <_pytest.config.Config object at 0x7f07acd87c50>
          finish pytest_report_teststatus --> ('', '', '') [hook]
        finish pytest_runtest_logreport --> [] [hook]
        pytest_runtest_call [hook]
            item: <Function test_directories[ansible://centos-8-/etc/icinga2]>
          pytest_pyfunc_call [hook]
              pyfuncitem: <Function test_directories[ansible://centos-8-/etc/icinga2]>
        pytest_runtest_makereport [hook]
            item: <Function test_directories[ansible://centos-8-/etc/icinga2]>
            call: <CallInfo when='call' excinfo=<ExceptionInfo AssertionError('assert False\n +  where False = <file /etc/icinga2>.is_directory',) tblen=27>>
        finish pytest_runtest_makereport --> <TestReport 'tests/test_default.py::test_directories[ansible://centos-8-/etc/icinga2]' when='call' outcome='failed'> [hook]
        pytest_runtest_logreport [hook]
            report: <TestReport 'tests/test_default.py::test_directories[ansible://centos-8-/etc/icinga2]' when='call' outcome='failed'>
          pytest_report_teststatus [hook]
              report: <TestReport 'tests/test_default.py::test_directories[ansible://centos-8-/etc/icinga2]' when='call' outcome='failed'>
              config: <_pytest.config.Config object at 0x7f07acd87c50>
          finish pytest_report_teststatus --> ('failed', 'F', 'FAILED') [hook]
        finish pytest_runtest_logreport --> [] [hook]
        pytest_exception_interact [hook]
            node: <Function test_directories[ansible://centos-8-/etc/icinga2]>
            call: <CallInfo when='call' excinfo=<ExceptionInfo AssertionError('assert False\n +  where False = <file /etc/icinga2>.is_directory',) tblen=1>>
            report: <TestReport 'tests/test_default.py::test_directories[ansible://centos-8-/etc/icinga2]' when='call' outcome='failed'>
        finish pytest_exception_interact --> [] [hook]
        pytest_runtest_teardown [hook]
            item: <Function test_directories[ansible://centos-8-/etc/icinga2]>
            nextitem: <Function test_directories[ansible://centos-8-/usr/share/icinga2]>
          pytest_fixture_post_finalizer [hook]
              fixturedef: <FixtureDef argname='dirs' scope='function' baseid=''>
              request: <SubRequest 'dirs' for <Function test_directories[ansible://centos-8-/etc/icinga2]>>
          finish pytest_fixture_post_finalizer --> [] [hook]
        finish pytest_runtest_teardown --> [] [hook]
        pytest_runtest_makereport [hook]
            item: <Function test_directories[ansible://centos-8-/etc/icinga2]>
            call: <CallInfo when='teardown' result: []>
        finish pytest_runtest_makereport --> <TestReport 'tests/test_default.py::test_directories[ansible://centos-8-/etc/icinga2]' when='teardown' outcome='passed'> [hook]
        pytest_runtest_logreport [hook]
            report: <TestReport 'tests/test_default.py::test_directories[ansible://centos-8-/etc/icinga2]' when='teardown' outcome='passed'>
          pytest_report_teststatus [hook]
              report: <TestReport 'tests/test_default.py::test_directories[ansible://centos-8-/etc/icinga2]' when='teardown' outcome='passed'>
              config: <_pytest.config.Config object at 0x7f07acd87c50>
          finish pytest_report_teststatus --> ('', '', '') [hook]
        finish pytest_runtest_logreport --> [] [hook]
        pytest_runtest_logfinish [hook]
            nodeid: tests/test_default.py::test_directories[ansible://centos-8-/etc/icinga2]
            location: ('tests/test_default.py', 35, 'test_directories[ansible://centos-8-/etc/icinga2]')
        finish pytest_runtest_logfinish --> [] [hook]
      finish pytest_runtest_protocol --> True [hook]
      pytest_runtest_protocol [hook]
          item: <Function test_directories[ansible://centos-8-/usr/share/icinga2]>
          nextitem: <Function test_directories[ansible://centos-8-/var/log/icinga2]>
        pytest_runtest_logstart [hook]
            nodeid: tests/test_default.py::test_directories[ansible://centos-8-/usr/share/icinga2]
            location: ('tests/test_default.py', 35, 'test_directories[ansible://centos-8-/usr/share/icinga2]')
        finish pytest_runtest_logstart --> [] [hook]
        pytest_runtest_setup [hook]
            item: <Function test_directories[ansible://centos-8-/usr/share/icinga2]>
          pytest_fixture_setup [hook]
              fixturedef: <FixtureDef argname='dirs' scope='function' baseid=''>
              request: <SubRequest 'dirs' for <Function test_directories[ansible://centos-8-/usr/share/icinga2]>>
          finish pytest_fixture_setup --> /usr/share/icinga2 [hook]
        finish pytest_runtest_setup --> [] [hook]
        pytest_runtest_makereport [hook]
            item: <Function test_directories[ansible://centos-8-/usr/share/icinga2]>
            call: <CallInfo when='setup' result: []>
        finish pytest_runtest_makereport --> <TestReport 'tests/test_default.py::test_directories[ansible://centos-8-/usr/share/icinga2]' when='setup' outcome='passed'> [hook]
        pytest_runtest_logreport [hook]
            report: <TestReport 'tests/test_default.py::test_directories[ansible://centos-8-/usr/share/icinga2]' when='setup' outcome='passed'>
          pytest_report_teststatus [hook]
              report: <TestReport 'tests/test_default.py::test_directories[ansible://centos-8-/usr/share/icinga2]' when='setup' outcome='passed'>
              config: <_pytest.config.Config object at 0x7f07acd87c50>
          finish pytest_report_teststatus --> ('', '', '') [hook]
        finish pytest_runtest_logreport --> [] [hook]
        pytest_runtest_call [hook]
            item: <Function test_directories[ansible://centos-8-/usr/share/icinga2]>
          pytest_pyfunc_call [hook]
              pyfuncitem: <Function test_directories[ansible://centos-8-/usr/share/icinga2]>
        pytest_runtest_makereport [hook]
            item: <Function test_directories[ansible://centos-8-/usr/share/icinga2]>
            call: <CallInfo when='call' excinfo=<ExceptionInfo AssertionError('assert False\n +  where False = <file /usr/share/icinga2>.is_directory',) tblen=27>>
        finish pytest_runtest_makereport --> <TestReport 'tests/test_default.py::test_directories[ansible://centos-8-/usr/share/icinga2]' when='call' outcome='failed'> [hook]
        pytest_runtest_logreport [hook]
            report: <TestReport 'tests/test_default.py::test_directories[ansible://centos-8-/usr/share/icinga2]' when='call' outcome='failed'>
          pytest_report_teststatus [hook]
              report: <TestReport 'tests/test_default.py::test_directories[ansible://centos-8-/usr/share/icinga2]' when='call' outcome='failed'>
              config: <_pytest.config.Config object at 0x7f07acd87c50>
          finish pytest_report_teststatus --> ('failed', 'F', 'FAILED') [hook]
        finish pytest_runtest_logreport --> [] [hook]
        pytest_exception_interact [hook]
            node: <Function test_directories[ansible://centos-8-/usr/share/icinga2]>
            call: <CallInfo when='call' excinfo=<ExceptionInfo AssertionError('assert False\n +  where False = <file /usr/share/icinga2>.is_directory',) tblen=1>>
            report: <TestReport 'tests/test_default.py::test_directories[ansible://centos-8-/usr/share/icinga2]' when='call' outcome='failed'>
        finish pytest_exception_interact --> [] [hook]
        pytest_runtest_teardown [hook]
            item: <Function test_directories[ansible://centos-8-/usr/share/icinga2]>
            nextitem: <Function test_directories[ansible://centos-8-/var/log/icinga2]>
          pytest_fixture_post_finalizer [hook]
              fixturedef: <FixtureDef argname='dirs' scope='function' baseid=''>
              request: <SubRequest 'dirs' for <Function test_directories[ansible://centos-8-/usr/share/icinga2]>>
          finish pytest_fixture_post_finalizer --> [] [hook]
        finish pytest_runtest_teardown --> [] [hook]
        pytest_runtest_makereport [hook]
            item: <Function test_directories[ansible://centos-8-/usr/share/icinga2]>
            call: <CallInfo when='teardown' result: []>
        finish pytest_runtest_makereport --> <TestReport 'tests/test_default.py::test_directories[ansible://centos-8-/usr/share/icinga2]' when='teardown' outcome='passed'> [hook]
        pytest_runtest_logreport [hook]
            report: <TestReport 'tests/test_default.py::test_directories[ansible://centos-8-/usr/share/icinga2]' when='teardown' outcome='passed'>
          pytest_report_teststatus [hook]
              report: <TestReport 'tests/test_default.py::test_directories[ansible://centos-8-/usr/share/icinga2]' when='teardown' outcome='passed'>
              config: <_pytest.config.Config object at 0x7f07acd87c50>
          finish pytest_report_teststatus --> ('', '', '') [hook]
        finish pytest_runtest_logreport --> [] [hook]
        pytest_runtest_logfinish [hook]
            nodeid: tests/test_default.py::test_directories[ansible://centos-8-/usr/share/icinga2]
            location: ('tests/test_default.py', 35, 'test_directories[ansible://centos-8-/usr/share/icinga2]')
        finish pytest_runtest_logfinish --> [] [hook]
      finish pytest_runtest_protocol --> True [hook]
      pytest_runtest_protocol [hook]
          item: <Function test_directories[ansible://centos-8-/var/log/icinga2]>
          nextitem: <Function test_directories[ansible://centos-8-/var/lib/icinga2]>
        pytest_runtest_logstart [hook]
            nodeid: tests/test_default.py::test_directories[ansible://centos-8-/var/log/icinga2]
            location: ('tests/test_default.py', 35, 'test_directories[ansible://centos-8-/var/log/icinga2]')
        finish pytest_runtest_logstart --> [] [hook]
        pytest_runtest_setup [hook]
            item: <Function test_directories[ansible://centos-8-/var/log/icinga2]>
          pytest_fixture_setup [hook]
              fixturedef: <FixtureDef argname='dirs' scope='function' baseid=''>
              request: <SubRequest 'dirs' for <Function test_directories[ansible://centos-8-/var/log/icinga2]>>
          finish pytest_fixture_setup --> /var/log/icinga2 [hook]
        finish pytest_runtest_setup --> [] [hook]
        pytest_runtest_makereport [hook]
            item: <Function test_directories[ansible://centos-8-/var/log/icinga2]>
            call: <CallInfo when='setup' result: []>
        finish pytest_runtest_makereport --> <TestReport 'tests/test_default.py::test_directories[ansible://centos-8-/var/log/icinga2]' when='setup' outcome='passed'> [hook]
        pytest_runtest_logreport [hook]
            report: <TestReport 'tests/test_default.py::test_directories[ansible://centos-8-/var/log/icinga2]' when='setup' outcome='passed'>
          pytest_report_teststatus [hook]
              report: <TestReport 'tests/test_default.py::test_directories[ansible://centos-8-/var/log/icinga2]' when='setup' outcome='passed'>
              config: <_pytest.config.Config object at 0x7f07acd87c50>
          finish pytest_report_teststatus --> ('', '', '') [hook]
        finish pytest_runtest_logreport --> [] [hook]
        pytest_runtest_call [hook]
            item: <Function test_directories[ansible://centos-8-/var/log/icinga2]>
          pytest_pyfunc_call [hook]
              pyfuncitem: <Function test_directories[ansible://centos-8-/var/log/icinga2]>
        pytest_runtest_makereport [hook]
            item: <Function test_directories[ansible://centos-8-/var/log/icinga2]>
            call: <CallInfo when='call' excinfo=<ExceptionInfo AssertionError('assert False\n +  where False = <file /var/log/icinga2>.is_directory',) tblen=27>>
        finish pytest_runtest_makereport --> <TestReport 'tests/test_default.py::test_directories[ansible://centos-8-/var/log/icinga2]' when='call' outcome='failed'> [hook]
        pytest_runtest_logreport [hook]
            report: <TestReport 'tests/test_default.py::test_directories[ansible://centos-8-/var/log/icinga2]' when='call' outcome='failed'>
          pytest_report_teststatus [hook]
              report: <TestReport 'tests/test_default.py::test_directories[ansible://centos-8-/var/log/icinga2]' when='call' outcome='failed'>
              config: <_pytest.config.Config object at 0x7f07acd87c50>
          finish pytest_report_teststatus --> ('failed', 'F', 'FAILED') [hook]
        finish pytest_runtest_logreport --> [] [hook]
        pytest_exception_interact [hook]
            node: <Function test_directories[ansible://centos-8-/var/log/icinga2]>
            call: <CallInfo when='call' excinfo=<ExceptionInfo AssertionError('assert False\n +  where False = <file /var/log/icinga2>.is_directory',) tblen=1>>
            report: <TestReport 'tests/test_default.py::test_directories[ansible://centos-8-/var/log/icinga2]' when='call' outcome='failed'>
        finish pytest_exception_interact --> [] [hook]
        pytest_runtest_teardown [hook]
            item: <Function test_directories[ansible://centos-8-/var/log/icinga2]>
            nextitem: <Function test_directories[ansible://centos-8-/var/lib/icinga2]>
          pytest_fixture_post_finalizer [hook]
              fixturedef: <FixtureDef argname='dirs' scope='function' baseid=''>
              request: <SubRequest 'dirs' for <Function test_directories[ansible://centos-8-/var/log/icinga2]>>
          finish pytest_fixture_post_finalizer --> [] [hook]
        finish pytest_runtest_teardown --> [] [hook]
        pytest_runtest_makereport [hook]
            item: <Function test_directories[ansible://centos-8-/var/log/icinga2]>
            call: <CallInfo when='teardown' result: []>
        finish pytest_runtest_makereport --> <TestReport 'tests/test_default.py::test_directories[ansible://centos-8-/var/log/icinga2]' when='teardown' outcome='passed'> [hook]
        pytest_runtest_logreport [hook]
            report: <TestReport 'tests/test_default.py::test_directories[ansible://centos-8-/var/log/icinga2]' when='teardown' outcome='passed'>
          pytest_report_teststatus [hook]
              report: <TestReport 'tests/test_default.py::test_directories[ansible://centos-8-/var/log/icinga2]' when='teardown' outcome='passed'>
              config: <_pytest.config.Config object at 0x7f07acd87c50>
          finish pytest_report_teststatus --> ('', '', '') [hook]
        finish pytest_runtest_logreport --> [] [hook]
        pytest_runtest_logfinish [hook]
            nodeid: tests/test_default.py::test_directories[ansible://centos-8-/var/log/icinga2]
            location: ('tests/test_default.py', 35, 'test_directories[ansible://centos-8-/var/log/icinga2]')
        finish pytest_runtest_logfinish --> [] [hook]
      finish pytest_runtest_protocol --> True [hook]
      pytest_runtest_protocol [hook]
          item: <Function test_directories[ansible://centos-8-/var/lib/icinga2]>
          nextitem: <Function test_user[ansible://centos-8]>
        pytest_runtest_logstart [hook]
            nodeid: tests/test_default.py::test_directories[ansible://centos-8-/var/lib/icinga2]
            location: ('tests/test_default.py', 35, 'test_directories[ansible://centos-8-/var/lib/icinga2]')
        finish pytest_runtest_logstart --> [] [hook]
        pytest_runtest_setup [hook]
            item: <Function test_directories[ansible://centos-8-/var/lib/icinga2]>
          pytest_fixture_setup [hook]
              fixturedef: <FixtureDef argname='dirs' scope='function' baseid=''>
              request: <SubRequest 'dirs' for <Function test_directories[ansible://centos-8-/var/lib/icinga2]>>
          finish pytest_fixture_setup --> /var/lib/icinga2 [hook]
        finish pytest_runtest_setup --> [] [hook]
        pytest_runtest_makereport [hook]
            item: <Function test_directories[ansible://centos-8-/var/lib/icinga2]>
            call: <CallInfo when='setup' result: []>
        finish pytest_runtest_makereport --> <TestReport 'tests/test_default.py::test_directories[ansible://centos-8-/var/lib/icinga2]' when='setup' outcome='passed'> [hook]
        pytest_runtest_logreport [hook]
            report: <TestReport 'tests/test_default.py::test_directories[ansible://centos-8-/var/lib/icinga2]' when='setup' outcome='passed'>
          pytest_report_teststatus [hook]
              report: <TestReport 'tests/test_default.py::test_directories[ansible://centos-8-/var/lib/icinga2]' when='setup' outcome='passed'>
              config: <_pytest.config.Config object at 0x7f07acd87c50>
          finish pytest_report_teststatus --> ('', '', '') [hook]
        finish pytest_runtest_logreport --> [] [hook]
        pytest_runtest_call [hook]
            item: <Function test_directories[ansible://centos-8-/var/lib/icinga2]>
          pytest_pyfunc_call [hook]
              pyfuncitem: <Function test_directories[ansible://centos-8-/var/lib/icinga2]>
        pytest_runtest_makereport [hook]
            item: <Function test_directories[ansible://centos-8-/var/lib/icinga2]>
            call: <CallInfo when='call' excinfo=<ExceptionInfo AssertionError('assert False\n +  where False = <file /var/lib/icinga2>.is_directory',) tblen=27>>
        finish pytest_runtest_makereport --> <TestReport 'tests/test_default.py::test_directories[ansible://centos-8-/var/lib/icinga2]' when='call' outcome='failed'> [hook]
        pytest_runtest_logreport [hook]
            report: <TestReport 'tests/test_default.py::test_directories[ansible://centos-8-/var/lib/icinga2]' when='call' outcome='failed'>
          pytest_report_teststatus [hook]
              report: <TestReport 'tests/test_default.py::test_directories[ansible://centos-8-/var/lib/icinga2]' when='call' outcome='failed'>
              config: <_pytest.config.Config object at 0x7f07acd87c50>
          finish pytest_report_teststatus --> ('failed', 'F', 'FAILED') [hook]
        finish pytest_runtest_logreport --> [] [hook]
        pytest_exception_interact [hook]
            node: <Function test_directories[ansible://centos-8-/var/lib/icinga2]>
            call: <CallInfo when='call' excinfo=<ExceptionInfo AssertionError('assert False\n +  where False = <file /var/lib/icinga2>.is_directory',) tblen=1>>
            report: <TestReport 'tests/test_default.py::test_directories[ansible://centos-8-/var/lib/icinga2]' when='call' outcome='failed'>
        finish pytest_exception_interact --> [] [hook]
        pytest_runtest_teardown [hook]
            item: <Function test_directories[ansible://centos-8-/var/lib/icinga2]>
            nextitem: <Function test_user[ansible://centos-8]>
          pytest_fixture_post_finalizer [hook]
              fixturedef: <FixtureDef argname='dirs' scope='function' baseid=''>
              request: <SubRequest 'dirs' for <Function test_directories[ansible://centos-8-/var/lib/icinga2]>>
          finish pytest_fixture_post_finalizer --> [] [hook]
        finish pytest_runtest_teardown --> [] [hook]
        pytest_runtest_makereport [hook]
            item: <Function test_directories[ansible://centos-8-/var/lib/icinga2]>
            call: <CallInfo when='teardown' result: []>
        finish pytest_runtest_makereport --> <TestReport 'tests/test_default.py::test_directories[ansible://centos-8-/var/lib/icinga2]' when='teardown' outcome='passed'> [hook]
        pytest_runtest_logreport [hook]
            report: <TestReport 'tests/test_default.py::test_directories[ansible://centos-8-/var/lib/icinga2]' when='teardown' outcome='passed'>
          pytest_report_teststatus [hook]
              report: <TestReport 'tests/test_default.py::test_directories[ansible://centos-8-/var/lib/icinga2]' when='teardown' outcome='passed'>
              config: <_pytest.config.Config object at 0x7f07acd87c50>
          finish pytest_report_teststatus --> ('', '', '') [hook]
        finish pytest_runtest_logreport --> [] [hook]
        pytest_runtest_logfinish [hook]
            nodeid: tests/test_default.py::test_directories[ansible://centos-8-/var/lib/icinga2]
            location: ('tests/test_default.py', 35, 'test_directories[ansible://centos-8-/var/lib/icinga2]')
        finish pytest_runtest_logfinish --> [] [hook]
      finish pytest_runtest_protocol --> True [hook]
      pytest_runtest_protocol [hook]
          item: <Function test_user[ansible://centos-8]>
          nextitem: <Function test_service[ansible://centos-8]>
        pytest_runtest_logstart [hook]
            nodeid: tests/test_default.py::test_user[ansible://centos-8]
            location: ('tests/test_default.py', 48, 'test_user[ansible://centos-8]')
        finish pytest_runtest_logstart --> [] [hook]
        pytest_runtest_setup [hook]
            item: <Function test_user[ansible://centos-8]>
        finish pytest_runtest_setup --> [] [hook]
        pytest_runtest_makereport [hook]
            item: <Function test_user[ansible://centos-8]>
            call: <CallInfo when='setup' result: []>
        finish pytest_runtest_makereport --> <TestReport 'tests/test_default.py::test_user[ansible://centos-8]' when='setup' outcome='passed'> [hook]
        pytest_runtest_logreport [hook]
            report: <TestReport 'tests/test_default.py::test_user[ansible://centos-8]' when='setup' outcome='passed'>
          pytest_report_teststatus [hook]
              report: <TestReport 'tests/test_default.py::test_user[ansible://centos-8]' when='setup' outcome='passed'>
              config: <_pytest.config.Config object at 0x7f07acd87c50>
          finish pytest_report_teststatus --> ('', '', '') [hook]
        finish pytest_runtest_logreport --> [] [hook]
        pytest_runtest_call [hook]
            item: <Function test_user[ansible://centos-8]>
          pytest_pyfunc_call [hook]
              pyfuncitem: <Function test_user[ansible://centos-8]>
          matched marked file 'testinfra.modules.group' (from 'testinfra') [assertion]
          find_module called for: testinfra.modules.group [assertion]
          rewriting PosixPath('/src/targens/NEW/ProvisioningTools/ansible-role-mc/.tox/py36-ansible29/lib/python3.6/site-packages/testinfra/modules/group.py') [assertion]
        pytest_runtest_makereport [hook]
            item: <Function test_user[ansible://centos-8]>
            call: <CallInfo when='call' excinfo=<ExceptionInfo AssertionError("assert False\n +  where False = <group nagios>.exists\n +    where <group nagios> = <class 'testinfra....p'>('nagios')\n +      where <class 'testinfra.modules.base.Group'> = <testinfra.host.Host ansible://centos-8>.group",) tblen=27>>
        finish pytest_runtest_makereport --> <TestReport 'tests/test_default.py::test_user[ansible://centos-8]' when='call' outcome='failed'> [hook]
        pytest_runtest_logreport [hook]
            report: <TestReport 'tests/test_default.py::test_user[ansible://centos-8]' when='call' outcome='failed'>
          pytest_report_teststatus [hook]
              report: <TestReport 'tests/test_default.py::test_user[ansible://centos-8]' when='call' outcome='failed'>
              config: <_pytest.config.Config object at 0x7f07acd87c50>
          finish pytest_report_teststatus --> ('failed', 'F', 'FAILED') [hook]
        finish pytest_runtest_logreport --> [] [hook]
        pytest_exception_interact [hook]
            node: <Function test_user[ansible://centos-8]>
            call: <CallInfo when='call' excinfo=<ExceptionInfo AssertionError("assert False\n +  where False = <group nagios>.exists\n +    where <group nagios> = <class 'testinfra....p'>('nagios')\n +      where <class 'testinfra.modules.base.Group'> = <testinfra.host.Host ansible://centos-8>.group",) tblen=1>>
            report: <TestReport 'tests/test_default.py::test_user[ansible://centos-8]' when='call' outcome='failed'>
        finish pytest_exception_interact --> [] [hook]
        pytest_runtest_teardown [hook]
            item: <Function test_user[ansible://centos-8]>
            nextitem: <Function test_service[ansible://centos-8]>
        finish pytest_runtest_teardown --> [] [hook]
        pytest_runtest_makereport [hook]
            item: <Function test_user[ansible://centos-8]>
            call: <CallInfo when='teardown' result: []>
        finish pytest_runtest_makereport --> <TestReport 'tests/test_default.py::test_user[ansible://centos-8]' when='teardown' outcome='passed'> [hook]
        pytest_runtest_logreport [hook]
            report: <TestReport 'tests/test_default.py::test_user[ansible://centos-8]' when='teardown' outcome='passed'>
          pytest_report_teststatus [hook]
              report: <TestReport 'tests/test_default.py::test_user[ansible://centos-8]' when='teardown' outcome='passed'>
              config: <_pytest.config.Config object at 0x7f07acd87c50>
          finish pytest_report_teststatus --> ('', '', '') [hook]
        finish pytest_runtest_logreport --> [] [hook]
        pytest_runtest_logfinish [hook]
            nodeid: tests/test_default.py::test_user[ansible://centos-8]
            location: ('tests/test_default.py', 48, 'test_user[ansible://centos-8]')
        finish pytest_runtest_logfinish --> [] [hook]
      finish pytest_runtest_protocol --> True [hook]
      pytest_runtest_protocol [hook]
          item: <Function test_service[ansible://centos-8]>
          nextitem: <Function test_open_port[ansible://centos-8-0.0.0.0:5665]>
        pytest_runtest_logstart [hook]
            nodeid: tests/test_default.py::test_service[ansible://centos-8]
            location: ('tests/test_default.py', 56, 'test_service[ansible://centos-8]')
        finish pytest_runtest_logstart --> [] [hook]
        pytest_runtest_setup [hook]
            item: <Function test_service[ansible://centos-8]>
        finish pytest_runtest_setup --> [] [hook]
        pytest_runtest_makereport [hook]
            item: <Function test_service[ansible://centos-8]>
            call: <CallInfo when='setup' result: []>
        finish pytest_runtest_makereport --> <TestReport 'tests/test_default.py::test_service[ansible://centos-8]' when='setup' outcome='passed'> [hook]
        pytest_runtest_logreport [hook]
            report: <TestReport 'tests/test_default.py::test_service[ansible://centos-8]' when='setup' outcome='passed'>
          pytest_report_teststatus [hook]
              report: <TestReport 'tests/test_default.py::test_service[ansible://centos-8]' when='setup' outcome='passed'>
              config: <_pytest.config.Config object at 0x7f07acd87c50>
          finish pytest_report_teststatus --> ('', '', '') [hook]
        finish pytest_runtest_logreport --> [] [hook]
        pytest_runtest_call [hook]
            item: <Function test_service[ansible://centos-8]>
          pytest_pyfunc_call [hook]
              pyfuncitem: <Function test_service[ansible://centos-8]>
          matched marked file 'testinfra.modules.service' (from 'testinfra') [assertion]
          find_module called for: testinfra.modules.service [assertion]
          rewriting PosixPath('/src/targens/NEW/ProvisioningTools/ansible-role-mc/.tox/py36-ansible29/lib/python3.6/site-packages/testinfra/modules/service.py') [assertion]
        pytest_runtest_makereport [hook]
            item: <Function test_service[ansible://centos-8]>
            call: <CallInfo when='call' excinfo=<ExceptionInfo AssertionError('assert False\n +  where False = <service icinga2>.is_enabled',) tblen=27>>
        finish pytest_runtest_makereport --> <TestReport 'tests/test_default.py::test_service[ansible://centos-8]' when='call' outcome='failed'> [hook]
        pytest_runtest_logreport [hook]
            report: <TestReport 'tests/test_default.py::test_service[ansible://centos-8]' when='call' outcome='failed'>
          pytest_report_teststatus [hook]
              report: <TestReport 'tests/test_default.py::test_service[ansible://centos-8]' when='call' outcome='failed'>
              config: <_pytest.config.Config object at 0x7f07acd87c50>
          finish pytest_report_teststatus --> ('failed', 'F', 'FAILED') [hook]
        finish pytest_runtest_logreport --> [] [hook]
        pytest_exception_interact [hook]
            node: <Function test_service[ansible://centos-8]>
            call: <CallInfo when='call' excinfo=<ExceptionInfo AssertionError('assert False\n +  where False = <service icinga2>.is_enabled',) tblen=1>>
            report: <TestReport 'tests/test_default.py::test_service[ansible://centos-8]' when='call' outcome='failed'>
        finish pytest_exception_interact --> [] [hook]
        pytest_runtest_teardown [hook]
            item: <Function test_service[ansible://centos-8]>
            nextitem: <Function test_open_port[ansible://centos-8-0.0.0.0:5665]>
        finish pytest_runtest_teardown --> [] [hook]
        pytest_runtest_makereport [hook]
            item: <Function test_service[ansible://centos-8]>
            call: <CallInfo when='teardown' result: []>
        finish pytest_runtest_makereport --> <TestReport 'tests/test_default.py::test_service[ansible://centos-8]' when='teardown' outcome='passed'> [hook]
        pytest_runtest_logreport [hook]
            report: <TestReport 'tests/test_default.py::test_service[ansible://centos-8]' when='teardown' outcome='passed'>
          pytest_report_teststatus [hook]
              report: <TestReport 'tests/test_default.py::test_service[ansible://centos-8]' when='teardown' outcome='passed'>
              config: <_pytest.config.Config object at 0x7f07acd87c50>
          finish pytest_report_teststatus --> ('', '', '') [hook]
        finish pytest_runtest_logreport --> [] [hook]
        pytest_runtest_logfinish [hook]
            nodeid: tests/test_default.py::test_service[ansible://centos-8]
            location: ('tests/test_default.py', 56, 'test_service[ansible://centos-8]')
        finish pytest_runtest_logfinish --> [] [hook]
      finish pytest_runtest_protocol --> True [hook]
      pytest_runtest_protocol [hook]
          item: <Function test_open_port[ansible://centos-8-0.0.0.0:5665]>
          nextitem: None
        pytest_runtest_logstart [hook]
            nodeid: tests/test_default.py::test_open_port[ansible://centos-8-0.0.0.0:5665]
            location: ('tests/test_default.py', 62, 'test_open_port[ansible://centos-8-0.0.0.0:5665]')
        finish pytest_runtest_logstart --> [] [hook]
        pytest_runtest_setup [hook]
            item: <Function test_open_port[ansible://centos-8-0.0.0.0:5665]>
          pytest_fixture_setup [hook]
              fixturedef: <FixtureDef argname='ports' scope='function' baseid=''>
              request: <SubRequest 'ports' for <Function test_open_port[ansible://centos-8-0.0.0.0:5665]>>
          finish pytest_fixture_setup --> 0.0.0.0:5665 [hook]
        finish pytest_runtest_setup --> [] [hook]
        pytest_runtest_makereport [hook]
            item: <Function test_open_port[ansible://centos-8-0.0.0.0:5665]>
            call: <CallInfo when='setup' result: []>
        finish pytest_runtest_makereport --> <TestReport 'tests/test_default.py::test_open_port[ansible://centos-8-0.0.0.0:5665]' when='setup' outcome='passed'> [hook]
        pytest_runtest_logreport [hook]
            report: <TestReport 'tests/test_default.py::test_open_port[ansible://centos-8-0.0.0.0:5665]' when='setup' outcome='passed'>
          pytest_report_teststatus [hook]
              report: <TestReport 'tests/test_default.py::test_open_port[ansible://centos-8-0.0.0.0:5665]' when='setup' outcome='passed'>
              config: <_pytest.config.Config object at 0x7f07acd87c50>
          finish pytest_report_teststatus --> ('', '', '') [hook]
        finish pytest_runtest_logreport --> [] [hook]
        pytest_runtest_call [hook]
            item: <Function test_open_port[ansible://centos-8-0.0.0.0:5665]>
          pytest_pyfunc_call [hook]
              pyfuncitem: <Function test_open_port[ansible://centos-8-0.0.0.0:5665]>
          matched marked file 'testinfra.modules.socket' (from 'testinfra') [assertion]
          find_module called for: testinfra.modules.socket [assertion]
          rewriting PosixPath('/src/targens/NEW/ProvisioningTools/ansible-role-mc/.tox/py36-ansible29/lib/python3.6/site-packages/testinfra/modules/socket.py') [assertion]
        pytest_runtest_makereport [hook]
            item: <Function test_open_port[ansible://centos-8-0.0.0.0:5665]>
            call: <CallInfo when='call' excinfo=<ExceptionInfo AssertionError('assert False\n +  where False = <socket tcp://0.0.0.0:5665>.is_listening',) tblen=27>>
        finish pytest_runtest_makereport --> <TestReport 'tests/test_default.py::test_open_port[ansible://centos-8-0.0.0.0:5665]' when='call' outcome='failed'> [hook]
        pytest_runtest_logreport [hook]
            report: <TestReport 'tests/test_default.py::test_open_port[ansible://centos-8-0.0.0.0:5665]' when='call' outcome='failed'>
          pytest_report_teststatus [hook]
              report: <TestReport 'tests/test_default.py::test_open_port[ansible://centos-8-0.0.0.0:5665]' when='call' outcome='failed'>
              config: <_pytest.config.Config object at 0x7f07acd87c50>
          finish pytest_report_teststatus --> ('failed', 'F', 'FAILED') [hook]
        finish pytest_runtest_logreport --> [] [hook]
        pytest_exception_interact [hook]
            node: <Function test_open_port[ansible://centos-8-0.0.0.0:5665]>
            call: <CallInfo when='call' excinfo=<ExceptionInfo AssertionError('assert False\n +  where False = <socket tcp://0.0.0.0:5665>.is_listening',) tblen=1>>
            report: <TestReport 'tests/test_default.py::test_open_port[ansible://centos-8-0.0.0.0:5665]' when='call' outcome='failed'>
        finish pytest_exception_interact --> [] [hook]
        pytest_runtest_teardown [hook]
            item: <Function test_open_port[ansible://centos-8-0.0.0.0:5665]>
            nextitem: None
          pytest_fixture_post_finalizer [hook]
              fixturedef: <FixtureDef argname='ports' scope='function' baseid=''>
              request: <SubRequest 'ports' for <Function test_open_port[ansible://centos-8-0.0.0.0:5665]>>
          finish pytest_fixture_post_finalizer --> [] [hook]
          pytest_fixture_post_finalizer [hook]
              fixturedef: <FixtureDef argname='host' scope='module' baseid=''>
              request: <SubRequest 'host' for <Function test_open_port[ansible://centos-8-0.0.0.0:5665]>>
          finish pytest_fixture_post_finalizer --> [] [hook]
          pytest_fixture_post_finalizer [hook]
              fixturedef: <FixtureDef argname='host' scope='module' baseid=''>
              request: <SubRequest 'host' for <Function test_open_port[ansible://centos-8-0.0.0.0:5665]>>
          finish pytest_fixture_post_finalizer --> [] [hook]
          pytest_fixture_post_finalizer [hook]
              fixturedef: <FixtureDef argname='host' scope='module' baseid=''>
              request: <SubRequest 'host' for <Function test_service[ansible://centos-8]>>
          finish pytest_fixture_post_finalizer --> [] [hook]
          pytest_fixture_post_finalizer [hook]
              fixturedef: <FixtureDef argname='host' scope='module' baseid=''>
              request: <SubRequest 'host' for <Function test_user[ansible://centos-8]>>
          finish pytest_fixture_post_finalizer --> [] [hook]
          pytest_fixture_post_finalizer [hook]
              fixturedef: <FixtureDef argname='host' scope='module' baseid=''>
              request: <SubRequest 'host' for <Function test_directories[ansible://centos-8-/var/lib/icinga2]>>
          finish pytest_fixture_post_finalizer --> [] [hook]
          pytest_fixture_post_finalizer [hook]
              fixturedef: <FixtureDef argname='host' scope='module' baseid=''>
              request: <SubRequest 'host' for <Function test_directories[ansible://centos-8-/var/log/icinga2]>>
          finish pytest_fixture_post_finalizer --> [] [hook]
          pytest_fixture_post_finalizer [hook]
              fixturedef: <FixtureDef argname='host' scope='module' baseid=''>
              request: <SubRequest 'host' for <Function test_directories[ansible://centos-8-/usr/share/icinga2]>>
          finish pytest_fixture_post_finalizer --> [] [hook]
          pytest_fixture_post_finalizer [hook]
              fixturedef: <FixtureDef argname='host' scope='module' baseid=''>
              request: <SubRequest 'host' for <Function test_directories[ansible://centos-8-/etc/icinga2]>>
          finish pytest_fixture_post_finalizer --> [] [hook]
          pytest_fixture_post_finalizer [hook]
              fixturedef: <FixtureDef argname='host' scope='module' baseid=''>
              request: <SubRequest 'host' for <Function test_directories[ansible://centos-8-/etc/ansible/facts.d]>>
          finish pytest_fixture_post_finalizer --> [] [hook]
          pytest_fixture_post_finalizer [hook]
              fixturedef: <FixtureDef argname='_testinfra_host' scope='module' baseid=''>
              request: <SubRequest '_testinfra_host' for <Function test_open_port[ansible://centos-8-0.0.0.0:5665]>>
          finish pytest_fixture_post_finalizer --> [] [hook]
          pytest_fixture_post_finalizer [hook]
              fixturedef: <FixtureDef argname='host' scope='module' baseid=''>
              request: <SubRequest 'host' for <Function test_service[ansible://centos-8]>>
          finish pytest_fixture_post_finalizer --> [] [hook]
          pytest_fixture_post_finalizer [hook]
              fixturedef: <FixtureDef argname='_testinfra_host' scope='module' baseid=''>
              request: <SubRequest '_testinfra_host' for <Function test_service[ansible://centos-8]>>
          finish pytest_fixture_post_finalizer --> [] [hook]
          pytest_fixture_post_finalizer [hook]
              fixturedef: <FixtureDef argname='host' scope='module' baseid=''>
              request: <SubRequest 'host' for <Function test_user[ansible://centos-8]>>
          finish pytest_fixture_post_finalizer --> [] [hook]
          pytest_fixture_post_finalizer [hook]
              fixturedef: <FixtureDef argname='_testinfra_host' scope='module' baseid=''>
              request: <SubRequest '_testinfra_host' for <Function test_user[ansible://centos-8]>>
          finish pytest_fixture_post_finalizer --> [] [hook]
          pytest_fixture_post_finalizer [hook]
              fixturedef: <FixtureDef argname='host' scope='module' baseid=''>
              request: <SubRequest 'host' for <Function test_directories[ansible://centos-8-/var/lib/icinga2]>>
          finish pytest_fixture_post_finalizer --> [] [hook]
          pytest_fixture_post_finalizer [hook]
              fixturedef: <FixtureDef argname='_testinfra_host' scope='module' baseid=''>
              request: <SubRequest '_testinfra_host' for <Function test_directories[ansible://centos-8-/var/lib/icinga2]>>
          finish pytest_fixture_post_finalizer --> [] [hook]
          pytest_fixture_post_finalizer [hook]
              fixturedef: <FixtureDef argname='host' scope='module' baseid=''>
              request: <SubRequest 'host' for <Function test_directories[ansible://centos-8-/var/log/icinga2]>>
          finish pytest_fixture_post_finalizer --> [] [hook]
          pytest_fixture_post_finalizer [hook]
              fixturedef: <FixtureDef argname='_testinfra_host' scope='module' baseid=''>
              request: <SubRequest '_testinfra_host' for <Function test_directories[ansible://centos-8-/var/log/icinga2]>>
          finish pytest_fixture_post_finalizer --> [] [hook]
          pytest_fixture_post_finalizer [hook]
              fixturedef: <FixtureDef argname='host' scope='module' baseid=''>
              request: <SubRequest 'host' for <Function test_directories[ansible://centos-8-/usr/share/icinga2]>>
          finish pytest_fixture_post_finalizer --> [] [hook]
          pytest_fixture_post_finalizer [hook]
              fixturedef: <FixtureDef argname='_testinfra_host' scope='module' baseid=''>
              request: <SubRequest '_testinfra_host' for <Function test_directories[ansible://centos-8-/usr/share/icinga2]>>
          finish pytest_fixture_post_finalizer --> [] [hook]
          pytest_fixture_post_finalizer [hook]
              fixturedef: <FixtureDef argname='host' scope='module' baseid=''>
              request: <SubRequest 'host' for <Function test_directories[ansible://centos-8-/etc/icinga2]>>
          finish pytest_fixture_post_finalizer --> [] [hook]
          pytest_fixture_post_finalizer [hook]
              fixturedef: <FixtureDef argname='_testinfra_host' scope='module' baseid=''>
              request: <SubRequest '_testinfra_host' for <Function test_directories[ansible://centos-8-/etc/icinga2]>>
          finish pytest_fixture_post_finalizer --> [] [hook]
          pytest_fixture_post_finalizer [hook]
              fixturedef: <FixtureDef argname='host' scope='module' baseid=''>
              request: <SubRequest 'host' for <Function test_directories[ansible://centos-8-/etc/ansible/facts.d]>>
          finish pytest_fixture_post_finalizer --> [] [hook]
          pytest_fixture_post_finalizer [hook]
              fixturedef: <FixtureDef argname='_testinfra_host' scope='module' baseid=''>
              request: <SubRequest '_testinfra_host' for <Function test_directories[ansible://centos-8-/etc/ansible/facts.d]>>
          finish pytest_fixture_post_finalizer --> [] [hook]
        finish pytest_runtest_teardown --> [] [hook]
        pytest_runtest_makereport [hook]
            item: <Function test_open_port[ansible://centos-8-0.0.0.0:5665]>
            call: <CallInfo when='teardown' result: []>
        finish pytest_runtest_makereport --> <TestReport 'tests/test_default.py::test_open_port[ansible://centos-8-0.0.0.0:5665]' when='teardown' outcome='passed'> [hook]
        pytest_runtest_logreport [hook]
            report: <TestReport 'tests/test_default.py::test_open_port[ansible://centos-8-0.0.0.0:5665]' when='teardown' outcome='passed'>
          pytest_report_teststatus [hook]
              report: <TestReport 'tests/test_default.py::test_open_port[ansible://centos-8-0.0.0.0:5665]' when='teardown' outcome='passed'>
              config: <_pytest.config.Config object at 0x7f07acd87c50>
          finish pytest_report_teststatus --> ('', '', '') [hook]
        finish pytest_runtest_logreport --> [] [hook]
        pytest_runtest_logfinish [hook]
            nodeid: tests/test_default.py::test_open_port[ansible://centos-8-0.0.0.0:5665]
            location: ('tests/test_default.py', 62, 'test_open_port[ansible://centos-8-0.0.0.0:5665]')
        finish pytest_runtest_logfinish --> [] [hook]
      finish pytest_runtest_protocol --> True [hook]
    finish pytest_runtestloop --> True [hook]
    pytest_sessionfinish [hook]
        session: <Session default exitstatus=<ExitCode.TESTS_FAILED: 1> testsfailed=8 testscollected=8>
        exitstatus: ExitCode.TESTS_FAILED
      pytest_terminal_summary [hook]
          terminalreporter: <_pytest.terminal.TerminalReporter object at 0x7f07acf66f60>
          exitstatus: ExitCode.TESTS_FAILED
          config: <_pytest.config.Config object at 0x7f07acd87c50>
      early skip of rewriting module: pygments [assertion]
      early skip of rewriting module: pygments [assertion]
      early skip of rewriting module: pygments [assertion]
      early skip of rewriting module: pygments [assertion]
      early skip of rewriting module: pygments [assertion]
      early skip of rewriting module: pygments [assertion]
      early skip of rewriting module: pygments [assertion]
      early skip of rewriting module: pygments [assertion]
        pytest_report_teststatus [hook]
            report: <TestReport 'tests/test_default.py::test_directories[ansible://centos-8-/etc/ansible/facts.d]' when='call' outcome='failed'>
            config: <_pytest.config.Config object at 0x7f07acd87c50>
        finish pytest_report_teststatus --> ('failed', 'F', 'FAILED') [hook]
        pytest_report_teststatus [hook]
            report: <TestReport 'tests/test_default.py::test_directories[ansible://centos-8-/etc/icinga2]' when='call' outcome='failed'>
            config: <_pytest.config.Config object at 0x7f07acd87c50>
        finish pytest_report_teststatus --> ('failed', 'F', 'FAILED') [hook]
        pytest_report_teststatus [hook]
            report: <TestReport 'tests/test_default.py::test_directories[ansible://centos-8-/usr/share/icinga2]' when='call' outcome='failed'>
            config: <_pytest.config.Config object at 0x7f07acd87c50>
        finish pytest_report_teststatus --> ('failed', 'F', 'FAILED') [hook]
        pytest_report_teststatus [hook]
            report: <TestReport 'tests/test_default.py::test_directories[ansible://centos-8-/var/log/icinga2]' when='call' outcome='failed'>
            config: <_pytest.config.Config object at 0x7f07acd87c50>
        finish pytest_report_teststatus --> ('failed', 'F', 'FAILED') [hook]
        pytest_report_teststatus [hook]
            report: <TestReport 'tests/test_default.py::test_directories[ansible://centos-8-/var/lib/icinga2]' when='call' outcome='failed'>
            config: <_pytest.config.Config object at 0x7f07acd87c50>
        finish pytest_report_teststatus --> ('failed', 'F', 'FAILED') [hook]
        pytest_report_teststatus [hook]
            report: <TestReport 'tests/test_default.py::test_user[ansible://centos-8]' when='call' outcome='failed'>
            config: <_pytest.config.Config object at 0x7f07acd87c50>
        finish pytest_report_teststatus --> ('failed', 'F', 'FAILED') [hook]
        pytest_report_teststatus [hook]
            report: <TestReport 'tests/test_default.py::test_service[ansible://centos-8]' when='call' outcome='failed'>
            config: <_pytest.config.Config object at 0x7f07acd87c50>
        finish pytest_report_teststatus --> ('failed', 'F', 'FAILED') [hook]
        pytest_report_teststatus [hook]
            report: <TestReport 'tests/test_default.py::test_open_port[ansible://centos-8-0.0.0.0:5665]' when='call' outcome='failed'>
            config: <_pytest.config.Config object at 0x7f07acd87c50>
        finish pytest_report_teststatus --> ('failed', 'F', 'FAILED') [hook]
      finish pytest_terminal_summary --> [] [hook]
    finish pytest_sessionfinish --> [] [hook]
    pytest_unconfigure [hook]
        config: <_pytest.config.Config object at 0x7f07acd87c50>
    finish pytest_unconfigure --> [] [hook]
